2016-06-18 13:57:40 [scrapy] INFO: Scrapy 1.1.0 started (bot: xiaomiapp)
2016-06-18 13:57:40 [scrapy] INFO: Overridden settings: {'NEWSPIDER_MODULE': 'xiaomiapp.spiders', 'ROBOTSTXT_OBEY': True, 'SPIDER_MODULES': ['xiaomiapp.spiders'], 'LOG_FILE': 'scrapy.log', 'BOT_NAME': 'xiaomiapp'}
2016-06-18 13:57:40 [scrapy] INFO: Enabled extensions:
['scrapy.extensions.logstats.LogStats',
 'scrapy.extensions.telnet.TelnetConsole',
 'scrapy.extensions.corestats.CoreStats']
2016-06-18 13:57:40 [scrapy] INFO: Enabled downloader middlewares:
['scrapy.downloadermiddlewares.robotstxt.RobotsTxtMiddleware',
 'scrapy.downloadermiddlewares.httpauth.HttpAuthMiddleware',
 'scrapy.downloadermiddlewares.downloadtimeout.DownloadTimeoutMiddleware',
 'scrapy.downloadermiddlewares.useragent.UserAgentMiddleware',
 'scrapy.downloadermiddlewares.retry.RetryMiddleware',
 'scrapy.downloadermiddlewares.defaultheaders.DefaultHeadersMiddleware',
 'scrapy.downloadermiddlewares.redirect.MetaRefreshMiddleware',
 'scrapy.downloadermiddlewares.httpcompression.HttpCompressionMiddleware',
 'scrapy.downloadermiddlewares.redirect.RedirectMiddleware',
 'scrapy.downloadermiddlewares.cookies.CookiesMiddleware',
 'scrapy.downloadermiddlewares.chunked.ChunkedTransferMiddleware',
 'scrapy.downloadermiddlewares.stats.DownloaderStats']
2016-06-18 13:57:40 [scrapy] INFO: Enabled spider middlewares:
['scrapy.spidermiddlewares.httperror.HttpErrorMiddleware',
 'scrapy.spidermiddlewares.offsite.OffsiteMiddleware',
 'scrapy.spidermiddlewares.referer.RefererMiddleware',
 'scrapy.spidermiddlewares.urllength.UrlLengthMiddleware',
 'scrapy.spidermiddlewares.depth.DepthMiddleware']
2016-06-18 13:57:40 [twisted] CRITICAL: Unhandled error in Deferred:
2016-06-18 13:57:40 [twisted] CRITICAL: 
Traceback (most recent call last):
  File "/home/x/Project/PycharmProjects/crawler/practice/local/lib/python2.7/site-packages/twisted/internet/defer.py", line 1128, in _inlineCallbacks
    result = g.send(result)
  File "/home/x/Project/PycharmProjects/crawler/practice/local/lib/python2.7/site-packages/scrapy/crawler.py", line 90, in crawl
    six.reraise(*exc_info)
  File "/home/x/Project/PycharmProjects/crawler/practice/local/lib/python2.7/site-packages/scrapy/crawler.py", line 72, in crawl
    self.engine = self._create_engine()
  File "/home/x/Project/PycharmProjects/crawler/practice/local/lib/python2.7/site-packages/scrapy/crawler.py", line 97, in _create_engine
    return ExecutionEngine(self, lambda _: self.stop())
  File "/home/x/Project/PycharmProjects/crawler/practice/local/lib/python2.7/site-packages/scrapy/core/engine.py", line 69, in __init__
    self.scraper = Scraper(crawler)
  File "/home/x/Project/PycharmProjects/crawler/practice/local/lib/python2.7/site-packages/scrapy/core/scraper.py", line 71, in __init__
    self.itemproc = itemproc_cls.from_crawler(crawler)
  File "/home/x/Project/PycharmProjects/crawler/practice/local/lib/python2.7/site-packages/scrapy/middleware.py", line 58, in from_crawler
    return cls.from_settings(crawler.settings, crawler)
  File "/home/x/Project/PycharmProjects/crawler/practice/local/lib/python2.7/site-packages/scrapy/middleware.py", line 34, in from_settings
    mwcls = load_object(clspath)
  File "/home/x/Project/PycharmProjects/crawler/practice/local/lib/python2.7/site-packages/scrapy/utils/misc.py", line 44, in load_object
    mod = import_module(module)
  File "/usr/lib/python2.7/importlib/__init__.py", line 37, in import_module
    __import__(name)
  File "/home/x/Project/PycharmProjects/crawler/practice/xiaomiapp/xiaomiapp/pipelines.py", line 7, in <module>
    import pymongo
ImportError: No module named pymongo
2016-06-18 14:07:44 [scrapy] INFO: Scrapy 1.1.0 started (bot: xiaomiapp)
2016-06-18 14:07:44 [scrapy] INFO: Overridden settings: {'NEWSPIDER_MODULE': 'xiaomiapp.spiders', 'ROBOTSTXT_OBEY': True, 'SPIDER_MODULES': ['xiaomiapp.spiders'], 'LOG_FILE': 'scrapy.log', 'BOT_NAME': 'xiaomiapp'}
2016-06-18 14:07:44 [scrapy] INFO: Enabled extensions:
['scrapy.extensions.logstats.LogStats',
 'scrapy.extensions.telnet.TelnetConsole',
 'scrapy.extensions.corestats.CoreStats']
2016-06-18 14:07:44 [scrapy] INFO: Enabled downloader middlewares:
['scrapy.downloadermiddlewares.robotstxt.RobotsTxtMiddleware',
 'scrapy.downloadermiddlewares.httpauth.HttpAuthMiddleware',
 'scrapy.downloadermiddlewares.downloadtimeout.DownloadTimeoutMiddleware',
 'scrapy.downloadermiddlewares.useragent.UserAgentMiddleware',
 'scrapy.downloadermiddlewares.retry.RetryMiddleware',
 'scrapy.downloadermiddlewares.defaultheaders.DefaultHeadersMiddleware',
 'scrapy.downloadermiddlewares.redirect.MetaRefreshMiddleware',
 'scrapy.downloadermiddlewares.httpcompression.HttpCompressionMiddleware',
 'scrapy.downloadermiddlewares.redirect.RedirectMiddleware',
 'scrapy.downloadermiddlewares.cookies.CookiesMiddleware',
 'scrapy.downloadermiddlewares.chunked.ChunkedTransferMiddleware',
 'scrapy.downloadermiddlewares.stats.DownloaderStats']
2016-06-18 14:07:44 [scrapy] INFO: Enabled spider middlewares:
['scrapy.spidermiddlewares.httperror.HttpErrorMiddleware',
 'scrapy.spidermiddlewares.offsite.OffsiteMiddleware',
 'scrapy.spidermiddlewares.referer.RefererMiddleware',
 'scrapy.spidermiddlewares.urllength.UrlLengthMiddleware',
 'scrapy.spidermiddlewares.depth.DepthMiddleware']
2016-06-18 14:07:44 [py.warnings] WARNING: /home/x/Project/PycharmProjects/crawler/practice/xiaomiapp/xiaomiapp/pipelines.py:15: ScrapyDeprecationWarning: Module `scrapy.log` has been deprecated, Scrapy now relies on the builtin Python library for logging. Read the updated logging entry in the documentation to learn more.
  from scrapy import log

2016-06-18 14:07:44 [scrapy] INFO: Enabled item pipelines:
['xiaomiapp.pipelines.XiaomiMongoDBPipeline']
2016-06-18 14:07:44 [scrapy] INFO: Spider opened
2016-06-18 14:07:44 [scrapy] INFO: Crawled 0 pages (at 0 pages/min), scraped 0 items (at 0 items/min)
2016-06-18 14:07:44 [scrapy] DEBUG: Telnet console listening on 127.0.0.1:6023
2016-06-18 14:07:44 [scrapy] DEBUG: Crawled (404) <GET http://app.mi.com/robots.txt> (referer: None)
2016-06-18 14:07:45 [scrapy] DEBUG: Crawled (200) <GET http://app.mi.com/topList?page=1> (referer: None)
2016-06-18 14:07:45 [scrapy] DEBUG: Crawled (200) <GET http://app.mi.com/topList?page=1> (referer: http://app.mi.com/topList?page=1)
2016-06-18 14:07:45 [scrapy] DEBUG: Crawled (200) <GET http://app.mi.com/detail/332> (referer: http://app.mi.com/topList?page=1)
2016-06-18 14:07:46 [root] INFO: Skip duplicates
2016-06-18 14:07:46 [scrapy] DEBUG: Scraped from <200 http://app.mi.com/detail/332>
{'appid': u'332',
 'category': u'\u65f6\u5c1a\u8d2d\u7269',
 'count': '2666',
 'developer': u'\u5317\u4eac\u4eac\u4e1c\u4e16\u7eaa\u8d38\u6613\u6709\u9650\u516c\u53f8',
 'developer_recommended': [],
 'groupid': u'9',
 'rating': u'5',
 'related_recommended': [u'69662', u'58628', u'33976', u'9531'],
 'title': u'\u4eac\u4e1c',
 'update_time': u'2016-05-17',
 'version': u'5.1.0'}
2016-06-18 14:07:46 [scrapy] DEBUG: Crawled (200) <GET http://app.mi.com/detail/50816> (referer: http://app.mi.com/topList?page=1)
2016-06-18 14:07:46 [scrapy] DEBUG: Crawled (200) <GET http://app.mi.com/detail/125> (referer: http://app.mi.com/topList?page=1)
2016-06-18 14:07:46 [scrapy] DEBUG: Crawled (200) <GET http://app.mi.com/detail/109> (referer: http://app.mi.com/topList?page=1)
2016-06-18 14:07:46 [scrapy] DEBUG: Crawled (200) <GET http://app.mi.com/detail/1110> (referer: http://app.mi.com/topList?page=1)
2016-06-18 14:07:46 [scrapy] DEBUG: Crawled (200) <GET http://app.mi.com/detail/1131> (referer: http://app.mi.com/topList?page=1)
2016-06-18 14:07:46 [scrapy] DEBUG: Crawled (200) <GET http://app.mi.com/detail/1294> (referer: http://app.mi.com/topList?page=1)
2016-06-18 14:07:46 [scrapy] DEBUG: Crawled (200) <GET http://app.mi.com/detail/10411> (referer: http://app.mi.com/topList?page=1)
2016-06-18 14:07:46 [scrapy] DEBUG: Crawled (200) <GET http://app.mi.com/detail/1117> (referer: http://app.mi.com/topList?page=1)
2016-06-18 14:07:46 [root] INFO: Skip duplicates
2016-06-18 14:07:46 [scrapy] DEBUG: Scraped from <200 http://app.mi.com/detail/50816>
{'appid': u'50816',
 'category': u'\u56fe\u4e66\u9605\u8bfb',
 'count': '44508',
 'developer': u'\u6df1\u5733\u5e02\u5b9c\u641c\u79d1\u6280\u53d1\u5c55\u6709\u9650\u516c\u53f8',
 'developer_recommended': [u'57598', u'113904', u'363008', u'80324'],
 'groupid': u'7',
 'rating': u'9',
 'related_recommended': [u'80596', u'71089', u'11121', u'87667'],
 'title': u'\u5b9c\u641c\u5c0f\u8bf4',
 'update_time': u'2016-05-30',
 'version': u'2.10.0'}
2016-06-18 14:07:46 [root] INFO: Skip duplicates
2016-06-18 14:07:46 [scrapy] DEBUG: Scraped from <200 http://app.mi.com/detail/125>
{'appid': u'125',
 'category': u'\u5f71\u97f3\u89c6\u542c',
 'count': '54036',
 'developer': u'\u5317\u4eac\u7231\u5947\u827a\u79d1\u6280\u6709\u9650\u516c\u53f8',
 'developer_recommended': [u'396378', u'118', u'97530', u'22909'],
 'groupid': u'27',
 'rating': u'8',
 'related_recommended': [u'118', u'39086', u'2095', u'155'],
 'title': u'\u7231\u5947\u827a-\u8dd1\u75374',
 'update_time': u'2016-06-02',
 'version': u'7.5.1'}
2016-06-18 14:07:46 [root] INFO: Skip duplicates
2016-06-18 14:07:46 [scrapy] DEBUG: Scraped from <200 http://app.mi.com/detail/109>
{'appid': u'109',
 'category': u'\u5f71\u97f3\u89c6\u542c',
 'count': '75028',
 'developer': u'\u5e7f\u5dde\u9177\u72d7\u8ba1\u7b97\u673a\u79d1\u6280\u6709\u9650\u516c\u53f8',
 'developer_recommended': [u'45243', u'50634', u'44900', u'31233'],
 'groupid': u'27',
 'rating': u'6',
 'related_recommended': [u'31233', u'11659', u'31250', u'1131'],
 'title': u'\u9177\u72d7\u97f3\u4e50',
 'update_time': u'2016-06-08',
 'version': u'8.1.2'}
2016-06-18 14:07:46 [root] INFO: Skip duplicates
2016-06-18 14:07:46 [scrapy] DEBUG: Scraped from <200 http://app.mi.com/detail/1110>
{'appid': u'1110',
 'category': u'\u91d1\u878d\u7406\u8d22',
 'count': '37053',
 'developer': u'\u652f\u4ed8\u5b9d\uff08\u4e2d\u56fd\uff09\u7f51\u7edc\u79d1\u6280\u6709\u9650\u516c\u53f8',
 'developer_recommended': [u'59991', u'53514'],
 'groupid': u'1',
 'rating': u'7',
 'related_recommended': [],
 'title': u'\u652f\u4ed8\u5b9d',
 'update_time': u'2016-06-02',
 'version': u'9.6.8.053103'}
2016-06-18 14:07:46 [root] INFO: Skip duplicates
2016-06-18 14:07:46 [scrapy] DEBUG: Scraped from <200 http://app.mi.com/detail/1131>
{'appid': u'1131',
 'category': u'\u5f71\u97f3\u89c6\u542c',
 'count': '49095',
 'developer': u'\u817e\u8baf\u79d1\u6280\uff08\u6df1\u5733\uff09\u6709\u9650\u516c\u53f8',
 'developer_recommended': [u'419901', u'96199', u'71936', u'57492'],
 'groupid': u'27',
 'rating': u'5',
 'related_recommended': [u'11659', u'31250', u'7', u'301'],
 'title': u'QQ\u97f3\u4e50',
 'update_time': u'2016-06-07',
 'version': u'6.1.1.10'}
2016-06-18 14:07:46 [root] INFO: Skip duplicates
2016-06-18 14:07:46 [scrapy] DEBUG: Scraped from <200 http://app.mi.com/detail/1294>
{'appid': u'1294',
 'category': u'\u5f71\u97f3\u89c6\u542c',
 'count': '35097',
 'developer': u'\u4e50\u89c6\u7f51\u4fe1\u606f\u6280\u672f\uff08\u5317\u4eac\uff09\u80a1\u4efd\u6709\u9650\u516c\u53f8',
 'developer_recommended': [u'369096', u'113128', u'45617', u'378877'],
 'groupid': u'27',
 'rating': u'7',
 'related_recommended': [u'50508', u'2889', u'3581', u'125'],
 'title': u'\u4e50\u89c6\u89c6\u9891-\u7ffb\u8bd1\u5b98',
 'update_time': u'2016-05-19',
 'version': u'6.6.1'}
2016-06-18 14:07:46 [root] INFO: Skip duplicates
2016-06-18 14:07:46 [scrapy] DEBUG: Scraped from <200 http://app.mi.com/detail/10411>
{'appid': u'10411',
 'category': u'\u65c5\u884c\u4ea4\u901a',
 'count': '7713',
 'developer': u'\u5317\u4eac\u5c0f\u6854\u79d1\u6280\u6709\u9650\u516c\u53f8',
 'developer_recommended': [u'8914', u'103203', u'146850'],
 'groupid': u'3',
 'rating': u'9',
 'related_recommended': [u'4958', u'34162', u'79713', u'81823'],
 'title': u'\u6ef4\u6ef4\u51fa\u884c',
 'update_time': u'2016-06-16',
 'version': u'4.3.8'}
2016-06-18 14:07:46 [root] INFO: Skip duplicates
2016-06-18 14:07:46 [scrapy] DEBUG: Scraped from <200 http://app.mi.com/detail/1117>
{'appid': u'1117',
 'category': u'\u804a\u5929\u793e\u4ea4',
 'count': '9272',
 'developer': u'\u817e\u8baf\u79d1\u6280\uff08\u6210\u90fd)\u6709\u9650\u516c\u53f8',
 'developer_recommended': [u'419901', u'96199', u'71936', u'57492'],
 'groupid': u'2',
 'rating': u'4',
 'related_recommended': [u'32351', u'58458', u'50401', u'75942'],
 'title': u'QQ\u7a7a\u95f4',
 'update_time': u'2016-06-08',
 'version': u'6.5.4.288'}
2016-06-18 14:07:46 [scrapy] DEBUG: Crawled (200) <GET http://app.mi.com/detail/53109> (referer: http://app.mi.com/topList?page=1)
2016-06-18 14:07:46 [scrapy] DEBUG: Crawled (200) <GET http://app.mi.com/detail/1122> (referer: http://app.mi.com/topList?page=1)
2016-06-18 14:07:46 [scrapy] DEBUG: Crawled (200) <GET http://app.mi.com/detail/5314> (referer: http://app.mi.com/topList?page=1)
2016-06-18 14:07:46 [scrapy] DEBUG: Crawled (200) <GET http://app.mi.com/detail/96928> (referer: http://app.mi.com/topList?page=1)
2016-06-18 14:07:46 [scrapy] DEBUG: Crawled (200) <GET http://app.mi.com/detail/1023> (referer: http://app.mi.com/topList?page=1)
2016-06-18 14:07:46 [scrapy] DEBUG: Crawled (200) <GET http://app.mi.com/detail/405279> (referer: http://app.mi.com/topList?page=1)
2016-06-18 14:07:46 [root] INFO: Skip duplicates
2016-06-18 14:07:46 [scrapy] DEBUG: Scraped from <200 http://app.mi.com/detail/53109>
{'appid': u'53109',
 'category': u'\u65f6\u5c1a\u8d2d\u7269',
 'count': '1076',
 'developer': u'\u4e07\u8fbe\u4fe1\u606f\u79d1\u6280\u6709\u9650\u516c\u53f8',
 'developer_recommended': [],
 'groupid': u'9',
 'rating': u'7',
 'related_recommended': [u'54516', u'9531', u'33976', u'67284'],
 'title': u'\u98de\u51e1',
 'update_time': u'2016-06-02',
 'version': u'4.2.1.0'}
2016-06-18 14:07:46 [root] INFO: Skip duplicates
2016-06-18 14:07:46 [scrapy] DEBUG: Scraped from <200 http://app.mi.com/detail/1122>
{'appid': u'1122',
 'category': u'\u804a\u5929\u793e\u4ea4',
 'count': '121934',
 'developer': u'\u817e\u8baf\u79d1\u6280\uff08\u6df1\u5733\uff09\u6709\u9650\u516c\u53f8\u5e7f\u5dde\u5206\u516c\u53f8',
 'developer_recommended': [u'419901', u'96199', u'297', u'39312'],
 'groupid': u'2',
 'rating': u'6',
 'related_recommended': [u'52029', u'297', u'1359', u'82846'],
 'title': u'\u5fae\u4fe1',
 'update_time': u'2016-06-06',
 'version': u'6.3.18'}
2016-06-18 14:07:46 [root] INFO: Skip duplicates
2016-06-18 14:07:46 [scrapy] DEBUG: Scraped from <200 http://app.mi.com/detail/5314>
{'appid': u'5314',
 'category': u'\u5b9e\u7528\u5de5\u5177',
 'count': '12661',
 'developer': u'\u767e\u5ea6\u5728\u7ebf\u7f51\u7edc\u6280\u672f\uff08\u5317\u4eac\uff09\u6709\u9650\u516c\u53f8',
 'developer_recommended': [u'321', u'10025', u'192', u'378879'],
 'groupid': u'5',
 'rating': u'6',
 'related_recommended': [u'82805', u'57257', u'5930', u'57983'],
 'title': u'\u767e\u5ea6\u4e91',
 'update_time': u'2016-06-07',
 'version': u'7.13.0'}
2016-06-18 14:07:46 [root] INFO: Skip duplicates
2016-06-18 14:07:46 [scrapy] DEBUG: Scraped from <200 http://app.mi.com/detail/96928>
{'appid': u'96928',
 'category': u'\u4f11\u95f2\u521b\u610f',
 'count': '9811',
 'developer': u'superpop',
 'developer_recommended': [],
 'groupid': u'23',
 'rating': u'8',
 'related_recommended': [u'23418', u'99376', u'72342', u'89462'],
 'title': u'\u7403\u7403\u5927\u4f5c\u6218',
 'update_time': u'2016-04-22',
 'version': u'4.0.2'}
2016-06-18 14:07:46 [root] INFO: Skip duplicates
2016-06-18 14:07:46 [scrapy] DEBUG: Scraped from <200 http://app.mi.com/detail/1023>
{'appid': u'1023',
 'category': u'\u65f6\u5c1a\u8d2d\u7269',
 'count': '254532',
 'developer': u'\u6dd8\u5b9d\uff08\u4e2d\u56fd\uff09\u8f6f\u4ef6\u6709\u9650\u516c\u53f8',
 'developer_recommended': [u'75339', u'113506', u'1984', u'69660'],
 'groupid': u'9',
 'rating': u'10',
 'related_recommended': [u'16116', u'2086', u'452', u'307'],
 'title': u'\u624b\u673a\u6dd8\u5b9d',
 'update_time': u'2016-06-02',
 'version': u'5.8.0'}
2016-06-18 14:07:46 [root] INFO: Skip duplicates
2016-06-18 14:07:46 [scrapy] DEBUG: Scraped from <200 http://app.mi.com/detail/405279>
{'appid': u'405279',
 'category': u'\u804a\u5929\u793e\u4ea4',
 'count': '44',
 'developer': u'\u817e\u8baf\u79d1\u6280\uff08\u6210\u90fd)\u6709\u9650\u516c\u53f8',
 'developer_recommended': [u'419901', u'96199', u'297', u'39312'],
 'groupid': u'2',
 'rating': u'8',
 'related_recommended': [],
 'title': u'\u738b\u8005\u8363\u8000\u52a9\u624b',
 'update_time': u'2016-06-06',
 'version': u'1.0.1.603'}
2016-06-18 14:07:46 [scrapy] DEBUG: Crawled (200) <GET http://app.mi.com/detail/4928> (referer: http://app.mi.com/topList?page=1)
2016-06-18 14:07:46 [scrapy] DEBUG: Crawled (200) <GET http://app.mi.com/detail/5027> (referer: http://app.mi.com/topList?page=1)
2016-06-18 14:07:46 [scrapy] DEBUG: Crawled (200) <GET http://app.mi.com/detail/89336> (referer: http://app.mi.com/topList?page=1)
2016-06-18 14:07:46 [scrapy] DEBUG: Crawled (200) <GET http://app.mi.com/detail/323> (referer: http://app.mi.com/topList?page=1)
2016-06-18 14:07:46 [scrapy] DEBUG: Crawled (200) <GET http://app.mi.com/detail/1338> (referer: http://app.mi.com/topList?page=1)
2016-06-18 14:07:46 [scrapy] DEBUG: Crawled (200) <GET http://app.mi.com/detail/29837> (referer: http://app.mi.com/topList?page=1)
2016-06-18 14:07:46 [scrapy] DEBUG: Crawled (200) <GET http://app.mi.com/detail/118> (referer: http://app.mi.com/topList?page=1)
2016-06-18 14:07:46 [root] INFO: Skip duplicates
2016-06-18 14:07:46 [scrapy] DEBUG: Scraped from <200 http://app.mi.com/detail/4928>
{'appid': u'4928',
 'category': u'\u65f6\u5c1a\u8d2d\u7269',
 'count': '12136',
 'developer': u'\u4e0a\u6d77\u4e2d\u5f66\u4fe1\u606f\u79d1\u6280\u6709\u9650\u516c\u53f8',
 'developer_recommended': [u'80518', u'59053', u'11867'],
 'groupid': u'9',
 'rating': u'10',
 'related_recommended': [u'72617', u'96743', u'79984', u'360'],
 'title': u'\u8fd4\u5229',
 'update_time': u'2016-06-12',
 'version': u'5.1.0'}
2016-06-18 14:07:46 [root] INFO: Skip duplicates
2016-06-18 14:07:46 [scrapy] DEBUG: Scraped from <200 http://app.mi.com/detail/5027>
{'appid': u'5027',
 'category': u'\u65f6\u5c1a\u8d2d\u7269',
 'count': '1225',
 'developer': u'\u5357\u4eac\u82cf\u5b81\u6613\u8d2d\u7535\u5b50\u5546\u52a1\u6709\u9650\u516c\u53f8',
 'developer_recommended': [u'49061'],
 'groupid': u'9',
 'rating': u'7',
 'related_recommended': [u'56049', u'11597', u'9531', u'51027'],
 'title': u'\u82cf\u5b81\u6613\u8d2d-\u5e74\u4e2d\u5927\u4fc3',
 'update_time': u'2016-06-17',
 'version': u'4.2.6'}
2016-06-18 14:07:46 [root] INFO: Skip duplicates
2016-06-18 14:07:46 [scrapy] DEBUG: Scraped from <200 http://app.mi.com/detail/89336>
{'appid': u'89336',
 'category': u'\u6a21\u62df\u7ecf\u8425',
 'count': '9120',
 'developer': u'\u5e7f\u5dde\u534e\u591a\u7f51\u7edc\u79d1\u6280\u6709\u9650\u516c\u53f8\u73e0\u6d77\u5206\u516c\u53f8',
 'developer_recommended': [u'100739', u'70869', u'404995', u'364950'],
 'groupid': u'29',
 'rating': u'9',
 'related_recommended': [u'89462', u'96776', u'72342', u'94160'],
 'title': u'\u591a\u73a9\u6211\u7684\u4e16\u754c\u76d2\u5b50',
 'update_time': u'2016-06-08',
 'version': u'1.6.26'}
2016-06-18 14:07:46 [root] INFO: Skip duplicates
2016-06-18 14:07:46 [scrapy] DEBUG: Scraped from <200 http://app.mi.com/detail/323>
{'appid': u'323',
 'category': u'\u804a\u5929\u793e\u4ea4',
 'count': '3450',
 'developer': u'\u5c0f\u7c73\u79d1\u6280',
 'developer_recommended': [u'68548', u'121089', u'153601', u'200058'],
 'groupid': u'2',
 'rating': u'5',
 'related_recommended': [u'1008', u'99959', u'1127', u'32323'],
 'title': u'\u7c73\u804a',
 'update_time': u'2016-05-13',
 'version': u'7.4.66'}
2016-06-18 14:07:46 [root] INFO: Skip duplicates
2016-06-18 14:07:46 [scrapy] DEBUG: Scraped from <200 http://app.mi.com/detail/1338>
{'appid': u'1338',
 'category': u'\u65c5\u884c\u4ea4\u901a',
 'count': '24346',
 'developer': u'\u9ad8\u5fb7\u8f6f\u4ef6\u6709\u9650\u516c\u53f8',
 'developer_recommended': [u'114080', u'93699', u'46455', u'201840'],
 'groupid': u'3',
 'rating': u'9',
 'related_recommended': [u'32323', u'46455', u'4959', u'405'],
 'title': u'\u9ad8\u5fb7\u5730\u56fe',
 'update_time': u'2016-05-25',
 'version': u'7.7.0.0.2036'}
2016-06-18 14:07:46 [root] INFO: Skip duplicates
2016-06-18 14:07:46 [scrapy] DEBUG: Scraped from <200 http://app.mi.com/detail/29837>
{'appid': u'29837',
 'category': u'\u5b9e\u7528\u5de5\u5177',
 'count': '28032',
 'developer': u'\u6df1\u5733\u5e02\u817e\u8baf\u8ba1\u7b97\u673a\u7cfb\u7edf\u6709\u9650\u516c\u53f8',
 'developer_recommended': [u'419901', u'96199', u'297', u'39312'],
 'groupid': u'5',
 'rating': u'8',
 'related_recommended': [u'21976', u'68657', u'27650', u'62091'],
 'title': u'QQ\u5b89\u5168\u4e2d\u5fc3',
 'update_time': u'2016-05-30',
 'version': u'6.7.2'}
2016-06-18 14:07:46 [root] INFO: Skip duplicates
2016-06-18 14:07:46 [scrapy] DEBUG: Scraped from <200 http://app.mi.com/detail/118>
{'appid': u'118',
 'category': u'\u5f71\u97f3\u89c6\u542c',
 'count': '17807',
 'developer': u'\u5317\u4eac\u7231\u5947\u827a\u79d1\u6280\u6709\u9650\u516c\u53f8',
 'developer_recommended': [u'192', u'50219', u'402506', u'9519'],
 'groupid': u'27',
 'rating': u'8',
 'related_recommended': [u'125', u'155', u'310', u'1121'],
 'title': u'\u7231\u5947\u827aPPS',
 'update_time': u'2016-05-31',
 'version': u'5.5.0'}
2016-06-18 14:07:46 [scrapy] DEBUG: Crawled (200) <GET http://app.mi.com/detail/9744> (referer: http://app.mi.com/topList?page=1)
2016-06-18 14:07:46 [scrapy] DEBUG: Crawled (200) <GET http://app.mi.com/detail/71600> (referer: http://app.mi.com/topList?page=1)
2016-06-18 14:07:46 [scrapy] DEBUG: Crawled (200) <GET http://app.mi.com/detail/1326> (referer: http://app.mi.com/topList?page=1)
2016-06-18 14:07:46 [scrapy] DEBUG: Crawled (200) <GET http://app.mi.com/detail/1127> (referer: http://app.mi.com/topList?page=1)
2016-06-18 14:07:46 [scrapy] DEBUG: Crawled (200) <GET http://app.mi.com/detail/121542> (referer: http://app.mi.com/topList?page=1)
2016-06-18 14:07:46 [scrapy] DEBUG: Crawled (200) <GET http://app.mi.com/detail/29> (referer: http://app.mi.com/topList?page=1)
2016-06-18 14:07:46 [scrapy] DEBUG: Crawled (200) <GET http://app.mi.com/detail/24269> (referer: http://app.mi.com/topList?page=1)
2016-06-18 14:07:47 [root] INFO: Skip duplicates
2016-06-18 14:07:47 [scrapy] DEBUG: Scraped from <200 http://app.mi.com/detail/9744>
{'appid': u'9744',
 'category': u'\u5f71\u97f3\u89c6\u542c',
 'count': '10673',
 'developer': u'\u6df1\u5733\u5e02\u8fc5\u96f7\u7f51\u7edc\u6280\u672f\u6709\u9650\u516c\u53f8',
 'developer_recommended': [u'414306', u'329235', u'89937', u'115378'],
 'groupid': u'27',
 'rating': u'3',
 'related_recommended': [u'44238', u'310', u'56059', u'1098'],
 'title': u'\u8fc5\u96f7',
 'update_time': u'2016-05-28',
 'version': u'5.17.2.4000'}
2016-06-18 14:07:47 [root] INFO: Skip duplicates
2016-06-18 14:07:47 [scrapy] DEBUG: Scraped from <200 http://app.mi.com/detail/71600>
{'appid': u'71600',
 'category': u'\u5c45\u5bb6\u751f\u6d3b',
 'count': '2013',
 'developer': u'\u5317\u4eac\u5c0f\u5ea6\u4fe1\u606f\u79d1\u6280\u6709\u9650\u516c\u53f8',
 'developer_recommended': [u'81775'],
 'groupid': u'4',
 'rating': u'10',
 'related_recommended': [u'98717', u'2133', u'56249', u'48956'],
 'title': u'\u767e\u5ea6\u5916\u5356',
 'update_time': u'2016-06-16',
 'version': u'3.9.0'}
2016-06-18 14:07:47 [root] INFO: Skip duplicates
2016-06-18 14:07:47 [scrapy] DEBUG: Scraped from <200 http://app.mi.com/detail/1326>
{'appid': u'1326',
 'category': u'\u6444\u5f71\u6444\u50cf',
 'count': '147994',
 'developer': u'\u53a6\u95e8\u7f8e\u56fe\u4e4b\u5bb6\u79d1\u6280\u6709\u9650\u516c\u53f8',
 'developer_recommended': [u'63447', u'110320', u'293149', u'24269'],
 'groupid': u'6',
 'rating': u'10',
 'related_recommended': [u'1057', u'81532', u'33695', u'85051'],
 'title': u'\u7f8e\u56fe\u79c0\u79c0',
 'update_time': u'2016-06-16',
 'version': u'5.1.0.0'}
2016-06-18 14:07:47 [root] INFO: Skip duplicates
2016-06-18 14:07:47 [scrapy] DEBUG: Scraped from <200 http://app.mi.com/detail/1127>
{'appid': u'1127',
 'category': u'\u804a\u5929\u793e\u4ea4',
 'count': '342357',
 'developer': u'\u5fae\u68a6\u521b\u79d1\u7f51\u7edc\u6280\u672f\uff08\u4e2d\u56fd\uff09\u6709\u9650\u516c\u53f8',
 'developer_recommended': [u'379843', u'283', u'97015'],
 'groupid': u'2',
 'rating': u'9',
 'related_recommended': [u'34507', u'16938', u'58458', u'323'],
 'title': u'\u5fae\u535a',
 'update_time': u'2016-06-17',
 'version': u'6.6.1'}
2016-06-18 14:07:47 [root] INFO: Skip duplicates
2016-06-18 14:07:47 [scrapy] DEBUG: Scraped from <200 http://app.mi.com/detail/121542>
{'appid': u'121542',
 'category': u'\u52a8\u4f5c\u67aa\u6218',
 'count': '15337',
 'developer': u'\u6df1\u5733\u5e02\u817e\u8baf\u8ba1\u7b97\u673a\u7cfb\u7edf\u6709\u9650\u516c\u53f8',
 'developer_recommended': [u'419901', u'100053', u'184154', u'289530'],
 'groupid': u'17',
 'rating': u'8',
 'related_recommended': [],
 'title': u'\u7a7f\u8d8a\u706b\u7ebf\uff1a\u67aa\u6218\u738b\u8005',
 'update_time': u'2016-04-28',
 'version': u'1.0.7.60'}
2016-06-18 14:07:47 [root] INFO: Skip duplicates
2016-06-18 14:07:47 [scrapy] DEBUG: Scraped from <200 http://app.mi.com/detail/29>
{'appid': u'29',
 'category': u'\u5b9e\u7528\u5de5\u5177',
 'count': '21288',
 'developer': u'\u5317\u4eac\u641c\u72d7\u79d1\u6280\u53d1\u5c55\u6709\u9650\u516c\u53f8',
 'developer_recommended': [u'1284', u'352553', u'33664', u'37993'],
 'groupid': u'5',
 'rating': u'9',
 'related_recommended': [u'33664', u'37993', u'52597', u'3021'],
 'title': u'\u641c\u72d7\u8f93\u5165\u6cd5',
 'update_time': u'2016-05-27',
 'version': u'8.2.1'}
2016-06-18 14:07:47 [root] INFO: Skip duplicates
2016-06-18 14:07:47 [scrapy] DEBUG: Scraped from <200 http://app.mi.com/detail/24269>
{'appid': u'24269',
 'category': u'\u6444\u5f71\u6444\u50cf',
 'count': '63278',
 'developer': u'\u53a6\u95e8\u7f8e\u56fe\u4e4b\u5bb6\u79d1\u6280\u6709\u9650\u516c\u53f8',
 'developer_recommended': [u'63447', u'1326', u'110320', u'293149'],
 'groupid': u'6',
 'rating': u'9',
 'related_recommended': [u'94392', u'91399', u'33662', u'63932'],
 'title': u'\u7f8e\u989c\u76f8\u673a',
 'update_time': u'2016-06-13',
 'version': u'4.6.5.0'}
2016-06-18 14:07:47 [scrapy] DEBUG: Crawled (200) <GET http://app.mi.com/detail/18076> (referer: http://app.mi.com/topList?page=1)
2016-06-18 14:07:47 [scrapy] DEBUG: Crawled (200) <GET http://app.mi.com/detail/8543> (referer: http://app.mi.com/topList?page=1)
2016-06-18 14:07:47 [scrapy] DEBUG: Crawled (200) <GET http://app.mi.com/detail/4888> (referer: http://app.mi.com/topList?page=1)
2016-06-18 14:07:47 [scrapy] DEBUG: Crawled (200) <GET http://app.mi.com/detail/497> (referer: http://app.mi.com/topList?page=1)
2016-06-18 14:07:47 [scrapy] DEBUG: Crawled (200) <GET http://app.mi.com/detail/329> (referer: http://app.mi.com/topList?page=1)
2016-06-18 14:07:47 [scrapy] DEBUG: Crawled (200) <GET http://app.mi.com/detail/346> (referer: http://app.mi.com/topList?page=1)
2016-06-18 14:07:47 [scrapy] DEBUG: Crawled (200) <GET http://app.mi.com/detail/1363> (referer: http://app.mi.com/topList?page=1)
2016-06-18 14:07:47 [root] INFO: Skip duplicates
2016-06-18 14:07:47 [scrapy] DEBUG: Scraped from <200 http://app.mi.com/detail/18076>
{'appid': u'18076',
 'category': u'\u5c45\u5bb6\u751f\u6d3b',
 'count': '11975',
 'developer': u'\u62c9\u624e\u65af\u7f51\u7edc\u79d1\u6280\uff08\u4e0a\u6d77\uff09\u6709\u9650\u516c\u53f8',
 'developer_recommended': [u'346753', u'120094', u'119616'],
 'groupid': u'4',
 'rating': u'8',
 'related_recommended': [u'48956', u'98717', u'56249', u'2133'],
 'title': u'\u997f\u4e86\u4e48',
 'update_time': u'2016-06-12',
 'version': u'5.11'}
2016-06-18 14:07:47 [root] INFO: Skip duplicates
2016-06-18 14:07:47 [scrapy] DEBUG: Scraped from <200 http://app.mi.com/detail/8543>
{'appid': u'8543',
 'category': u'\u65c5\u884c\u4ea4\u901a',
 'count': '7449',
 'developer': u'\u4e0a\u6d77\u96fe\u535a\u4fe1\u606f\u6280\u672f\u6709\u9650\u516c\u53f8',
 'developer_recommended': [u'245241'],
 'groupid': u'3',
 'rating': u'6',
 'related_recommended': [u'11150', u'10411', u'4958', u'34162'],
 'title': u'\u4f18\u6b65 - Uber',
 'update_time': u'2016-06-13',
 'version': u'3.107.1'}
2016-06-18 14:07:47 [root] INFO: Skip duplicates
2016-06-18 14:07:47 [scrapy] DEBUG: Scraped from <200 http://app.mi.com/detail/4888>
{'appid': u'4888',
 'category': u'\u65f6\u5c1a\u8d2d\u7269',
 'count': '2175',
 'developer': u'\u6dd8\u5b9d\uff08\u4e2d\u56fd\uff09\u8f6f\u4ef6\u6709\u9650\u516c\u53f8',
 'developer_recommended': [u'1984', u'69660', u'330724', u'360'],
 'groupid': u'9',
 'rating': u'4',
 'related_recommended': [u'15228', u'99959', u'9531', u'11597'],
 'title': u'\u5929\u732b',
 'update_time': u'2016-05-26',
 'version': u'5.19.1'}
2016-06-18 14:07:47 [root] INFO: Skip duplicates
2016-06-18 14:07:47 [scrapy] DEBUG: Scraped from <200 http://app.mi.com/detail/497>
{'appid': u'497',
 'category': u'\u65f6\u5c1a\u8d2d\u7269',
 'count': '93175',
 'developer': u'\u5317\u4eac\u767e\u5ea6\u7f51\u8baf\u79d1\u6280\u6709\u9650\u516c\u53f8',
 'developer_recommended': [u'73695', u'78008'],
 'groupid': u'9',
 'rating': u'10',
 'related_recommended': [u'73695', u'2133', u'1300', u'39588'],
 'title': u'\u767e\u5ea6\u7cef\u7c73-6\u5468\u5e74',
 'update_time': u'2016-06-14',
 'version': u'6.6.2'}
2016-06-18 14:07:47 [root] INFO: Skip duplicates
2016-06-18 14:07:47 [scrapy] DEBUG: Scraped from <200 http://app.mi.com/detail/329>
{'appid': u'329',
 'category': u'\u6444\u5f71\u6444\u50cf',
 'count': '321588',
 'developer': u'\u5317\u4eac\u4e00\u7b11\u79d1\u6280\u53d1\u5c55\u6709\u9650\u516c\u53f8',
 'developer_recommended': [],
 'groupid': u'6',
 'rating': u'9',
 'related_recommended': [u'2027', u'91399', u'26484', u'63932'],
 'title': u'\u5feb\u624b',
 'update_time': u'2016-05-26',
 'version': u'4.45.0.1504'}
2016-06-18 14:07:47 [root] INFO: Skip duplicates
2016-06-18 14:07:47 [scrapy] DEBUG: Scraped from <200 http://app.mi.com/detail/346>
{'appid': u'346',
 'category': u'\u804a\u5929\u793e\u4ea4',
 'count': '22567',
 'developer': u'\u5317\u4eac\u964c\u964c\u79d1\u6280\u6709\u9650\u516c\u53f8',
 'developer_recommended': [u'319980'],
 'groupid': u'2',
 'rating': u'6',
 'related_recommended': [u'129', u'19174', u'68656', u'61518'],
 'title': u'\u964c\u964c',
 'update_time': u'2016-06-06',
 'version': u'6.9.2'}
2016-06-18 14:07:47 [root] INFO: Skip duplicates
2016-06-18 14:07:47 [scrapy] DEBUG: Scraped from <200 http://app.mi.com/detail/1363>
{'appid': u'1363',
 'category': u'\u5b9e\u7528\u5de5\u5177',
 'count': '29822',
 'developer': u'\u4f18\u89c6\u79d1\u6280\uff08\u4e2d\u56fd\uff09\u6709\u9650\u516c\u53f8',
 'developer_recommended': [],
 'groupid': u'5',
 'rating': u'7',
 'related_recommended': [],
 'title': u'UC\u6d4f\u89c8\u5668',
 'update_time': u'2016-06-15',
 'version': u'10.10.3.810'}
2016-06-18 14:07:47 [scrapy] DEBUG: Crawled (200) <GET http://app.mi.com/detail/7055> (referer: http://app.mi.com/topList?page=1)
2016-06-18 14:07:47 [scrapy] DEBUG: Crawled (200) <GET http://app.mi.com/detail/1109> (referer: http://app.mi.com/topList?page=1)
2016-06-18 14:07:47 [scrapy] DEBUG: Crawled (200) <GET http://app.mi.com/detail/98> (referer: http://app.mi.com/topList?page=1)
2016-06-18 14:07:47 [scrapy] DEBUG: Crawled (200) <GET http://app.mi.com/detail/39086> (referer: http://app.mi.com/topList?page=1)
2016-06-18 14:07:47 [scrapy] DEBUG: Crawled (200) <GET http://app.mi.com/detail/1357> (referer: http://app.mi.com/topList?page=1)
2016-06-18 14:07:47 [scrapy] DEBUG: Crawled (200) <GET http://app.mi.com/detail/71936> (referer: http://app.mi.com/topList?page=1)
2016-06-18 14:07:47 [root] INFO: Skip duplicates
2016-06-18 14:07:47 [scrapy] DEBUG: Scraped from <200 http://app.mi.com/detail/7055>
{'appid': u'7055',
 'category': u'\u65f6\u5c1a\u8d2d\u7269',
 'count': '10206',
 'developer': u'\u5e7f\u5dde\u552f\u54c1\u4f1a\u4fe1\u606f\u79d1\u6280\u6709\u9650\u516c\u53f8',
 'developer_recommended': [u'89001', u'103342', u'80107', u'52475'],
 'groupid': u'9',
 'rating': u'9',
 'related_recommended': [u'52475', u'11597', u'39120', u'19873'],
 'title': u'\u552f\u54c1\u4f1a-\u5e74\u4e2d\u7279\u5356',
 'update_time': u'2016-06-13',
 'version': u'5.21.7'}
2016-06-18 14:07:47 [root] INFO: Skip duplicates
2016-06-18 14:07:47 [scrapy] DEBUG: Scraped from <200 http://app.mi.com/detail/1109>
{'appid': u'1109',
 'category': u'\u804a\u5929\u793e\u4ea4',
 'count': '69617',
 'developer': u'\u5e7f\u5dde\u534e\u591a\u7f51\u7edc\u79d1\u6280\u6709\u9650\u516c\u53f8',
 'developer_recommended': [u'51833', u'276471', u'361787', u'209755'],
 'groupid': u'2',
 'rating': u'9',
 'related_recommended': [u'62957', u'59208', u'86608', u'35295'],
 'title': u'YY',
 'update_time': u'2016-06-15',
 'version': u'5.5.2'}
2016-06-18 14:07:47 [root] INFO: Skip duplicates
2016-06-18 14:07:47 [scrapy] DEBUG: Scraped from <200 http://app.mi.com/detail/98>
{'appid': u'98',
 'category': u'\u65f6\u5c1a\u8d2d\u7269',
 'count': '9075',
 'developer': u'\u5317\u4eac\u4e09\u5feb\u79d1\u6280\u6709\u9650\u516c\u53f8',
 'developer_recommended': [u'103794', u'9037', u'55992', u'103515'],
 'groupid': u'9',
 'rating': u'8',
 'related_recommended': [u'55992', u'56249', u'1141', u'1046'],
 'title': u'\u7f8e\u56e2',
 'update_time': u'2016-06-02',
 'version': u'6.9.2'}
2016-06-18 14:07:47 [root] INFO: Skip duplicates
2016-06-18 14:07:47 [scrapy] DEBUG: Scraped from <200 http://app.mi.com/detail/39086>
{'appid': u'39086',
 'category': u'\u5f71\u97f3\u89c6\u542c',
 'count': '10999',
 'developer': u'\u6e56\u5357\u5feb\u4e50\u9633\u5149\u4e92\u52a8\u5a31\u4e50\u4f20\u5a92\u6709\u9650\u516c\u53f8',
 'developer_recommended': [u'405228', u'156423', u'73276'],
 'groupid': u'27',
 'rating': u'4',
 'related_recommended': [u'47269', u'69754', u'1132', u'16590'],
 'title': u'\u8292\u679cTV',
 'update_time': u'2016-05-26',
 'version': u'4.6.9'}
2016-06-18 14:07:47 [root] INFO: Skip duplicates
2016-06-18 14:07:47 [scrapy] DEBUG: Scraped from <200 http://app.mi.com/detail/1357>
{'appid': u'1357',
 'category': u'\u5f71\u97f3\u89c6\u542c',
 'count': '18216',
 'developer': u'\u6df1\u5733\u5e02\u817e\u8baf\u8ba1\u7b97\u673a\u7cfb\u7edf\u6709\u9650\u516c\u53f8\u5317\u4eac\u5206\u516c\u53f8',
 'developer_recommended': [u'39312', u'2241', u'100053', u'7012'],
 'groupid': u'27',
 'rating': u'5',
 'related_recommended': [u'181', u'2889', u'3581', u'897'],
 'title': u'\u817e\u8baf\u89c6\u9891',
 'update_time': u'2016-06-02',
 'version': u'4.8.5.10223'}
2016-06-18 14:07:47 [root] INFO: Skip duplicates
2016-06-18 14:07:47 [scrapy] DEBUG: Scraped from <200 http://app.mi.com/detail/71936>
{'appid': u'71936',
 'category': u'\u5f71\u97f3\u89c6\u542c',
 'count': '4205',
 'developer': u'\u817e\u8baf\u79d1\u6280\uff08\u6210\u90fd)\u6709\u9650\u516c\u53f8',
 'developer_recommended': [u'419901', u'96199', u'57492', u'235034'],
 'groupid': u'27',
 'rating': u'6',
 'related_recommended': [u'72149', u'84504', u'54227', u'26484'],
 'title': u'\u5168\u6c11K\u6b4c',
 'update_time': u'2016-06-13',
 'version': u'3.5.8.278'}
2016-06-18 14:07:47 [scrapy] DEBUG: Crawled (200) <GET http://app.mi.com/detail/1045> (referer: http://app.mi.com/topList?page=1)
2016-06-18 14:07:47 [scrapy] DEBUG: Crawled (200) <GET http://app.mi.com/detail/112109> (referer: http://app.mi.com/topList?page=1)
2016-06-18 14:07:47 [scrapy] DEBUG: Crawled (200) <GET http://app.mi.com/detail/48217> (referer: http://app.mi.com/topList?page=1)
2016-06-18 14:07:47 [scrapy] DEBUG: Crawled (200) <GET http://app.mi.com/detail/108048> (referer: http://app.mi.com/topList?page=1)
2016-06-18 14:07:47 [scrapy] DEBUG: Crawled (200) <GET http://app.mi.com/detail/22704> (referer: http://app.mi.com/topList?page=1)
2016-06-18 14:07:47 [scrapy] DEBUG: Crawled (200) <GET http://app.mi.com/detail/1359> (referer: http://app.mi.com/topList?page=1)
2016-06-18 14:07:47 [root] INFO: Skip duplicates
2016-06-18 14:07:47 [scrapy] DEBUG: Scraped from <200 http://app.mi.com/detail/1045>
{'appid': u'1045',
 'category': u'\u5f71\u97f3\u89c6\u542c',
 'count': '220425',
 'developer': u'\u5408\u4e00\u4fe1\u606f\u6280\u672f\uff08\u5317\u4eac\uff09\u6709\u9650\u516c\u53f8',
 'developer_recommended': [u'394794', u'325526', u'187579', u'57429'],
 'groupid': u'27',
 'rating': u'9',
 'related_recommended': [u'2095', u'50508', u'69754', u'51833'],
 'title': u'\u4f18\u9177\u89c6\u9891',
 'update_time': u'2016-06-07',
 'version': u'5.7'}
2016-06-18 14:07:47 [root] INFO: Skip duplicates
2016-06-18 14:07:47 [scrapy] DEBUG: Scraped from <200 http://app.mi.com/detail/112109>
{'appid': u'112109',
 'category': u'\u804a\u5929\u793e\u4ea4',
 'count': '1068',
 'developer': u'MIUI\u8bba\u575b',
 'developer_recommended': [],
 'groupid': u'2',
 'rating': u'4',
 'related_recommended': [],
 'title': u'MIUI\u8bba\u575b',
 'update_time': u'2016-06-06',
 'version': u'2.6.1'}
2016-06-18 14:07:47 [root] INFO: Skip duplicates
2016-06-18 14:07:47 [scrapy] DEBUG: Scraped from <200 http://app.mi.com/detail/48217>
{'appid': u'48217',
 'category': u'\u8dd1\u9177\u95ef\u5173',
 'count': '113196',
 'developer': u'\u6df1\u5733\u5e02\u817e\u8baf\u8ba1\u7b97\u673a\u7cfb\u7edf\u6709\u9650\u516c\u53f8',
 'developer_recommended': [u'329513', u'54227', u'77714', u'33013'],
 'groupid': u'26',
 'rating': u'7',
 'related_recommended': [u'45078', u'44197', u'57492', u'68657'],
 'title': u'\u5929\u5929\u9177\u8dd1',
 'update_time': u'2016-06-03',
 'version': u'1.0.34.0'}
2016-06-18 14:07:47 [root] INFO: Skip duplicates
2016-06-18 14:07:47 [scrapy] DEBUG: Scraped from <200 http://app.mi.com/detail/108048>
{'appid': u'108048',
 'category': u'\u7f51\u6e38RPG',
 'count': '26457',
 'developer': u'\u6df1\u5733\u5e02\u817e\u8baf\u8ba1\u7b97\u673a\u7cfb\u7edf\u6709\u9650\u516c\u53f8',
 'developer_recommended': [u'419901', u'100053', u'184154', u'289530'],
 'groupid': u'19',
 'rating': u'7',
 'related_recommended': [],
 'title': u'\u738b\u8005\u8363\u8000',
 'update_time': u'2016-05-13',
 'version': u'1.12.1.7'}
2016-06-18 14:07:47 [root] INFO: Skip duplicates
2016-06-18 14:07:47 [scrapy] DEBUG: Scraped from <200 http://app.mi.com/detail/22704>
{'appid': u'22704',
 'category': u'\u5c45\u5bb6\u751f\u6d3b',
 'count': '22381',
 'developer': u'\u5317\u4eac\u4e94\u516b\u4fe1\u606f\u6280\u672f\u6709\u9650\u516c\u53f8',
 'developer_recommended': [u'257650', u'117457', u'61175', u'105478'],
 'groupid': u'4',
 'rating': u'9',
 'related_recommended': [u'69736', u'61175', u'3726', u'99959'],
 'title': u'58\u540c\u57ce',
 'update_time': u'2016-06-17',
 'version': u'7.0.6.1'}
2016-06-18 14:07:47 [root] INFO: Skip duplicates
2016-06-18 14:07:47 [scrapy] DEBUG: Scraped from <200 http://app.mi.com/detail/1359>
{'appid': u'1359',
 'category': u'\u804a\u5929\u793e\u4ea4',
 'count': '133639',
 'developer': u'\u6df1\u5733\u5e02\u817e\u8baf\u8ba1\u7b97\u673a\u7cfb\u7edf\u6709\u9650\u516c\u53f8',
 'developer_recommended': [u'419901', u'96199', u'297', u'39312'],
 'groupid': u'2',
 'rating': u'5',
 'related_recommended': [u'58458', u'1109', u'315', u'7464'],
 'title': u'QQ',
 'update_time': u'2016-05-27',
 'version': u'6.3.7'}
2016-06-18 14:07:47 [scrapy] INFO: Closing spider (finished)
2016-06-18 14:07:47 [scrapy] INFO: Dumping Scrapy stats:
{'downloader/request_bytes': 15348,
 'downloader/request_count': 51,
 'downloader/request_method_count/GET': 51,
 'downloader/response_bytes': 321506,
 'downloader/response_count': 51,
 'downloader/response_status_count/200': 50,
 'downloader/response_status_count/404': 1,
 'finish_reason': 'finished',
 'finish_time': datetime.datetime(2016, 6, 18, 21, 7, 47, 678809),
 'item_scraped_count': 48,
 'log_count/DEBUG': 100,
 'log_count/INFO': 55,
 'log_count/WARNING': 1,
 'request_depth_max': 2,
 'response_received_count': 51,
 'scheduler/dequeued': 50,
 'scheduler/dequeued/memory': 50,
 'scheduler/enqueued': 50,
 'scheduler/enqueued/memory': 50,
 'start_time': datetime.datetime(2016, 6, 18, 21, 7, 44, 292773)}
2016-06-18 14:07:47 [scrapy] INFO: Spider closed (finished)
