2016-06-20 22:41:00 [scrapy] INFO: Scrapy 1.1.0 started (bot: crawler)
2016-06-20 22:41:00 [scrapy] INFO: Overridden settings: {'NEWSPIDER_MODULE': 'crawler.spiders', 'ROBOTSTXT_OBEY': True, 'SPIDER_MODULES': ['crawler.spiders'], 'LOG_FILE': 'scrapy.log', 'BOT_NAME': 'crawler'}
2016-06-20 22:41:00 [scrapy] INFO: Enabled extensions:
['scrapy.extensions.logstats.LogStats',
 'scrapy.extensions.telnet.TelnetConsole',
 'scrapy.extensions.corestats.CoreStats']
2016-06-20 22:41:00 [scrapy] INFO: Enabled downloader middlewares:
['scrapy.downloadermiddlewares.robotstxt.RobotsTxtMiddleware',
 'scrapy.downloadermiddlewares.httpauth.HttpAuthMiddleware',
 'scrapy.downloadermiddlewares.downloadtimeout.DownloadTimeoutMiddleware',
 'scrapy.downloadermiddlewares.useragent.UserAgentMiddleware',
 'scrapy.downloadermiddlewares.retry.RetryMiddleware',
 'scrapy.downloadermiddlewares.defaultheaders.DefaultHeadersMiddleware',
 'scrapy.downloadermiddlewares.redirect.MetaRefreshMiddleware',
 'scrapy.downloadermiddlewares.httpcompression.HttpCompressionMiddleware',
 'scrapy.downloadermiddlewares.redirect.RedirectMiddleware',
 'scrapy.downloadermiddlewares.cookies.CookiesMiddleware',
 'scrapy.downloadermiddlewares.chunked.ChunkedTransferMiddleware',
 'scrapy.downloadermiddlewares.stats.DownloaderStats']
2016-06-20 22:41:00 [scrapy] INFO: Enabled spider middlewares:
['scrapy.spidermiddlewares.httperror.HttpErrorMiddleware',
 'scrapy.spidermiddlewares.offsite.OffsiteMiddleware',
 'scrapy.spidermiddlewares.referer.RefererMiddleware',
 'scrapy.spidermiddlewares.urllength.UrlLengthMiddleware',
 'scrapy.spidermiddlewares.depth.DepthMiddleware']
2016-06-20 22:41:00 [py.warnings] WARNING: /Users/Xing/Projects/HealthyWebCrawler-T14/crawler/crawler/pipelines.py:10: ScrapyDeprecationWarning: Module `scrapy.log` has been deprecated, Scrapy now relies on the builtin Python library for logging. Read the updated logging entry in the documentation to learn more.
  from scrapy import log

2016-06-20 22:41:00 [scrapy] INFO: Enabled item pipelines:
['crawler.pipelines.XiaomiappPipeline']
2016-06-20 22:41:00 [scrapy] INFO: Spider opened
2016-06-20 22:41:00 [scrapy] INFO: Crawled 0 pages (at 0 pages/min), scraped 0 items (at 0 items/min)
2016-06-20 22:41:00 [scrapy] DEBUG: Telnet console listening on 127.0.0.1:6023
2016-06-20 22:41:01 [scrapy] DEBUG: Crawled (404) <GET http://app.mi.com/robots.txt> (referer: None)
2016-06-20 22:41:02 [scrapy] DEBUG: Crawled (200) <GET http://app.mi.com/topList?page=1> (referer: None)
2016-06-20 22:41:02 [scrapy] DEBUG: Crawled (200) <GET http://app.mi.com/topList?page=1> (referer: http://app.mi.com/topList?page=1)
2016-06-20 22:41:03 [scrapy] DEBUG: Crawled (200) <GET http://app.mi.com/detail/1045> (referer: http://app.mi.com/topList?page=1)
2016-06-20 22:41:03 [scrapy] DEBUG: Scraped from <200 http://app.mi.com/detail/1045>
{'appid': '1045',
 'appurl': 'http://app.mi.com/detail/1045',
 'category': u'\u5f71\u97f3\u89c6\u542c',
 'cateid': '27',
 'developer': u'\u5408\u4e00\u4fe1\u606f\u6280\u672f\uff08\u5317\u4eac\uff09\u6709\u9650\u516c\u53f8',
 'developerrec': ['2095', '50508', '69754', '51833'],
 'rating': '9',
 'ratingct': '221574',
 'relatedrec': ['394794', '325526', '187579', '57429'],
 'title': u'\u4f18\u9177\u89c6\u9891',
 'updatetm': '2016-06-07',
 'version': '5.7'}
2016-06-20 22:41:03 [scrapy] DEBUG: Crawled (200) <GET http://app.mi.com/detail/48217> (referer: http://app.mi.com/topList?page=1)
2016-06-20 22:41:03 [scrapy] DEBUG: Crawled (200) <GET http://app.mi.com/detail/329513> (referer: http://app.mi.com/topList?page=1)
2016-06-20 22:41:03 [scrapy] DEBUG: Crawled (200) <GET http://app.mi.com/detail/219> (referer: http://app.mi.com/topList?page=1)
2016-06-20 22:41:03 [scrapy] DEBUG: Crawled (200) <GET http://app.mi.com/detail/497> (referer: http://app.mi.com/topList?page=1)
2016-06-20 22:41:03 [scrapy] DEBUG: Crawled (200) <GET http://app.mi.com/detail/29> (referer: http://app.mi.com/topList?page=1)
2016-06-20 22:41:03 [scrapy] DEBUG: Crawled (200) <GET http://app.mi.com/detail/318> (referer: http://app.mi.com/topList?page=1)
2016-06-20 22:41:03 [scrapy] DEBUG: Crawled (200) <GET http://app.mi.com/detail/14322> (referer: http://app.mi.com/topList?page=1)
2016-06-20 22:41:03 [scrapy] DEBUG: Crawled (200) <GET http://app.mi.com/detail/24269> (referer: http://app.mi.com/topList?page=1)
2016-06-20 22:41:03 [scrapy] DEBUG: Scraped from <200 http://app.mi.com/detail/48217>
{'appid': '48217',
 'appurl': 'http://app.mi.com/detail/48217',
 'category': u'\u8dd1\u9177\u95ef\u5173',
 'cateid': '26',
 'developer': u'\u6df1\u5733\u5e02\u817e\u8baf\u8ba1\u7b97\u673a\u7cfb\u7edf\u6709\u9650\u516c\u53f8',
 'developerrec': ['45078', '44197', '57492', '68657'],
 'rating': '7',
 'ratingct': '113254',
 'relatedrec': ['329513', '54227', '77714', '33013'],
 'title': u'\u5929\u5929\u9177\u8dd1',
 'updatetm': '2016-06-03',
 'version': '1.0.34.0'}
2016-06-20 22:41:03 [scrapy] DEBUG: Scraped from <200 http://app.mi.com/detail/329513>
{'appid': '329513',
 'appurl': 'http://app.mi.com/detail/329513',
 'category': u'\u804a\u5929\u793e\u4ea4',
 'cateid': '2',
 'developer': u'\u6df1\u5733\u5e02\u817e\u8baf\u8ba1\u7b97\u673a\u7cfb\u7edf\u6709\u9650\u516c\u53f8',
 'developerrec': ['48217', '54227', '77714', '33013'],
 'rating': '8',
 'ratingct': '298',
 'relatedrec': [],
 'title': u'\u638c\u4e0aTGP',
 'updatetm': '2016-06-14',
 'version': '1.3.0'}
2016-06-20 22:41:03 [scrapy] DEBUG: Scraped from <200 http://app.mi.com/detail/219>
{'appid': '219',
 'appurl': 'http://app.mi.com/detail/219',
 'category': u'\u65c5\u884c\u4ea4\u901a',
 'cateid': '3',
 'developer': u'\u5317\u4eac\u767e\u5ea6\u7f51\u8baf\u79d1\u6280\u6709\u9650\u516c\u53f8',
 'developerrec': [],
 'rating': '8',
 'ratingct': '17467',
 'relatedrec': [],
 'title': u'\u767e\u5ea6\u5730\u56fe',
 'updatetm': '2016-06-06',
 'version': '9.3.1'}
2016-06-20 22:41:03 [scrapy] DEBUG: Scraped from <200 http://app.mi.com/detail/497>
{'appid': '497',
 'appurl': 'http://app.mi.com/detail/497',
 'category': u'\u65f6\u5c1a\u8d2d\u7269',
 'cateid': '9',
 'developer': u'\u5317\u4eac\u767e\u5ea6\u7f51\u8baf\u79d1\u6280\u6709\u9650\u516c\u53f8',
 'developerrec': ['73695', '2133', '1300', '39588'],
 'rating': '10',
 'ratingct': '93459',
 'relatedrec': ['73695', '78008'],
 'title': u'\u767e\u5ea6\u7cef\u7c73-6\u5468\u5e74',
 'updatetm': '2016-06-14',
 'version': '6.6.2'}
2016-06-20 22:41:03 [scrapy] DEBUG: Scraped from <200 http://app.mi.com/detail/29>
{'appid': '29',
 'appurl': 'http://app.mi.com/detail/29',
 'category': u'\u5b9e\u7528\u5de5\u5177',
 'cateid': '5',
 'developer': u'\u5317\u4eac\u641c\u72d7\u79d1\u6280\u53d1\u5c55\u6709\u9650\u516c\u53f8',
 'developerrec': ['33664', '37993', '52597', '3021'],
 'rating': '9',
 'ratingct': '21420',
 'relatedrec': ['1284', '3021', '37993', '168890'],
 'title': u'\u641c\u72d7\u8f93\u5165\u6cd5',
 'updatetm': '2016-05-27',
 'version': '8.2.1'}
2016-06-20 22:41:03 [scrapy] DEBUG: Scraped from <200 http://app.mi.com/detail/318>
{'appid': '318',
 'appurl': 'http://app.mi.com/detail/318',
 'category': u'\u5b9e\u7528\u5de5\u5177',
 'cateid': '5',
 'developer': u'\u767e\u5ea6\u5728\u7ebf\u7f51\u7edc\u6280\u672f\uff08\u5317\u4eac\uff09\u6709\u9650\u516c\u53f8',
 'developerrec': ['33664', '16116', '31233', '1121'],
 'rating': '7',
 'ratingct': '6909',
 'relatedrec': ['420176', '192', '378879', '1100'],
 'title': u'\u624b\u673a\u767e\u5ea6',
 'updatetm': '2016-04-29',
 'version': '7.3.1'}
2016-06-20 22:41:03 [scrapy] DEBUG: Scraped from <200 http://app.mi.com/detail/14322>
{'appid': '14322',
 'appurl': 'http://app.mi.com/detail/14322',
 'category': u'\u6548\u7387\u529e\u516c',
 'cateid': '10',
 'developer': u'\u73e0\u6d77\u91d1\u5c71\u529e\u516c\u8f6f\u4ef6\u6709\u9650\u516c\u53f8',
 'developerrec': ['118', '58458', '2309', '1196'],
 'rating': '10',
 'ratingct': '166511',
 'relatedrec': ['389842', '66687', '1047', '116210'],
 'title': u'WPS Office',
 'updatetm': '2016-06-17',
 'version': '9.7.4'}
2016-06-20 22:41:03 [scrapy] DEBUG: Scraped from <200 http://app.mi.com/detail/24269>
{'appid': '24269',
 'appurl': 'http://app.mi.com/detail/24269',
 'category': u'\u6444\u5f71\u6444\u50cf',
 'cateid': '6',
 'developer': u'\u53a6\u95e8\u7f8e\u56fe\u4e4b\u5bb6\u79d1\u6280\u6709\u9650\u516c\u53f8',
 'developerrec': ['94392', '91399', '33662', '63932'],
 'rating': '9',
 'ratingct': '63598',
 'relatedrec': ['63447', '1326', '110320', '293149'],
 'title': u'\u7f8e\u989c\u76f8\u673a',
 'updatetm': '2016-06-13',
 'version': '4.6.5.0'}
2016-06-20 22:41:03 [scrapy] DEBUG: Crawled (200) <GET http://app.mi.com/detail/1197> (referer: http://app.mi.com/topList?page=1)
2016-06-20 22:41:03 [scrapy] DEBUG: Crawled (200) <GET http://app.mi.com/detail/297> (referer: http://app.mi.com/topList?page=1)
2016-06-20 22:41:03 [scrapy] DEBUG: Crawled (200) <GET http://app.mi.com/detail/58634> (referer: http://app.mi.com/topList?page=1)
2016-06-20 22:41:03 [scrapy] DEBUG: Crawled (200) <GET http://app.mi.com/detail/8543> (referer: http://app.mi.com/topList?page=1)
2016-06-20 22:41:03 [scrapy] DEBUG: Crawled (200) <GET http://app.mi.com/detail/54719> (referer: http://app.mi.com/topList?page=1)
2016-06-20 22:41:03 [scrapy] DEBUG: Crawled (200) <GET http://app.mi.com/detail/20441> (referer: http://app.mi.com/topList?page=1)
2016-06-20 22:41:03 [scrapy] DEBUG: Crawled (200) <GET http://app.mi.com/detail/118> (referer: http://app.mi.com/topList?page=1)
2016-06-20 22:41:04 [scrapy] DEBUG: Scraped from <200 http://app.mi.com/detail/1197>
{'appid': '1197',
 'appurl': 'http://app.mi.com/detail/1197',
 'category': u'\u5b66\u4e60\u6559\u80b2',
 'cateid': '12',
 'developer': u'\u5317\u4eac\u6728\u4ed3\u79d1\u6280\u6709\u9650\u516c\u53f8',
 'developerrec': ['41945', '75820', '21888', '54974'],
 'rating': '9',
 'ratingct': '68726',
 'relatedrec': ['2716', '230770', '15363', '230813'],
 'title': u'\u9a7e\u8003\u5b9d\u5178',
 'updatetm': '2016-06-17',
 'version': '6.4.6'}
2016-06-20 22:41:04 [scrapy] DEBUG: Scraped from <200 http://app.mi.com/detail/297>
{'appid': '297',
 'appurl': 'http://app.mi.com/detail/297',
 'category': u'\u5b9e\u7528\u5de5\u5177',
 'cateid': '5',
 'developer': u'\u6df1\u5733\u5e02\u817e\u8baf\u8ba1\u7b97\u673a\u7cfb\u7edf\u6709\u9650\u516c\u53f8',
 'developerrec': ['321', '62787', '37993', '5966'],
 'rating': '4',
 'ratingct': '6574',
 'relatedrec': ['419901', '96199', '39312', '71936'],
 'title': u'QQ\u6d4f\u89c8\u5668',
 'updatetm': '2016-06-13',
 'version': '6.7.2.2445'}
2016-06-20 22:41:04 [scrapy] DEBUG: Scraped from <200 http://app.mi.com/detail/58634>
{'appid': '58634',
 'appurl': 'http://app.mi.com/detail/58634',
 'category': u'\u4f11\u95f2\u521b\u610f',
 'cateid': '23',
 'developer': u'\u4e50\u98ce\u521b\u60f3\uff08\u5317\u4eac\uff09\u79d1\u6280\u6709\u9650\u516c\u53f8',
 'developerrec': ['70764', '72358', '64325', '52411'],
 'rating': '6',
 'ratingct': '123565',
 'relatedrec': [],
 'title': u'\u5f00\u5fc3\u6d88\u6d88\u4e50',
 'updatetm': '2016-05-23',
 'version': '1.33'}
2016-06-20 22:41:04 [scrapy] DEBUG: Scraped from <200 http://app.mi.com/detail/8543>
{'appid': '8543',
 'appurl': 'http://app.mi.com/detail/8543',
 'category': u'\u65c5\u884c\u4ea4\u901a',
 'cateid': '3',
 'developer': u'\u4e0a\u6d77\u96fe\u535a\u4fe1\u606f\u6280\u672f\u6709\u9650\u516c\u53f8',
 'developerrec': ['11150', '10411', '4958', '34162'],
 'rating': '6',
 'ratingct': '7491',
 'relatedrec': ['245241'],
 'title': u'\u4f18\u6b65 - Uber',
 'updatetm': '2016-06-13',
 'version': '3.107.1'}
2016-06-20 22:41:04 [scrapy] DEBUG: Scraped from <200 http://app.mi.com/detail/54719>
{'appid': '54719',
 'appurl': 'http://app.mi.com/detail/54719',
 'category': u'\u5b66\u4e60\u6559\u80b2',
 'cateid': '12',
 'developer': u'\u4f5c\u4e1a\u5e2e\u6559\u80b2\u79d1\u6280\uff08\u5317\u4eac\uff09\u6709\u9650\u516c\u53f8',
 'developerrec': [],
 'rating': '9',
 'ratingct': '233594',
 'relatedrec': ['75060', '49915', '48473', '73537'],
 'title': u'\u4f5c\u4e1a\u5e2e-\u5b66\u9738\u641c\u9898',
 'updatetm': '2016-06-16',
 'version': '6.1.0'}
2016-06-20 22:41:04 [scrapy] DEBUG: Scraped from <200 http://app.mi.com/detail/20441>
{'appid': '20441',
 'appurl': 'http://app.mi.com/detail/20441',
 'category': u'\u6548\u7387\u529e\u516c',
 'cateid': '10',
 'developer': u'\u817e\u8baf\u79d1\u6280\uff08\u6df1\u5733\uff09\u6709\u9650\u516c\u53f8\u5e7f\u5dde\u5206\u516c\u53f8',
 'developerrec': ['7210', '2309', '67131', '75942'],
 'rating': '5',
 'ratingct': '2858',
 'relatedrec': ['336025', '1122', '109885'],
 'title': u'QQ\u90ae\u7bb1',
 'updatetm': '2016-05-11',
 'version': '5.1.2'}
2016-06-20 22:41:04 [scrapy] DEBUG: Scraped from <200 http://app.mi.com/detail/118>
{'appid': '118',
 'appurl': 'http://app.mi.com/detail/118',
 'category': u'\u5f71\u97f3\u89c6\u542c',
 'cateid': '27',
 'developer': u'\u5317\u4eac\u7231\u5947\u827a\u79d1\u6280\u6709\u9650\u516c\u53f8',
 'developerrec': ['125', '155', '310', '1121'],
 'rating': '8',
 'ratingct': '17815',
 'relatedrec': ['420176', '192', '378879', '1100'],
 'title': u'\u7231\u5947\u827aPPS',
 'updatetm': '2016-05-31',
 'version': '5.5.0'}
2016-06-20 22:41:04 [scrapy] DEBUG: Crawled (200) <GET http://app.mi.com/detail/31322> (referer: http://app.mi.com/topList?page=1)
2016-06-20 22:41:04 [scrapy] DEBUG: Crawled (200) <GET http://app.mi.com/detail/1326> (referer: http://app.mi.com/topList?page=1)
2016-06-20 22:41:04 [scrapy] DEBUG: Crawled (200) <GET http://app.mi.com/detail/323> (referer: http://app.mi.com/topList?page=1)
2016-06-20 22:41:04 [scrapy] DEBUG: Crawled (200) <GET http://app.mi.com/detail/10411> (referer: http://app.mi.com/topList?page=1)
2016-06-20 22:41:04 [scrapy] DEBUG: Crawled (200) <GET http://app.mi.com/detail/9744> (referer: http://app.mi.com/topList?page=1)
2016-06-20 22:41:04 [scrapy] DEBUG: Crawled (200) <GET http://app.mi.com/detail/1338> (referer: http://app.mi.com/topList?page=1)
2016-06-20 22:41:04 [scrapy] DEBUG: Crawled (200) <GET http://app.mi.com/detail/112112> (referer: http://app.mi.com/topList?page=1)
2016-06-20 22:41:04 [scrapy] DEBUG: Scraped from <200 http://app.mi.com/detail/31322>
{'appid': '31322',
 'appurl': 'http://app.mi.com/detail/31322',
 'category': u'\u5f71\u97f3\u89c6\u542c',
 'cateid': '27',
 'developer': u'\u4e0a\u6d77\u5168\u571f\u8c46\u6587\u5316\u4f20\u64ad\u6709\u9650\u516c\u53f8',
 'developerrec': ['1294', '897', '125', '1357'],
 'rating': '4',
 'ratingct': '11065',
 'relatedrec': ['394794'],
 'title': u'\u571f\u8c46\u89c6\u9891',
 'updatetm': '2016-06-17',
 'version': '5.8.4'}
2016-06-20 22:41:04 [scrapy] DEBUG: Crawled (200) <GET http://app.mi.com/detail/22704> (referer: http://app.mi.com/topList?page=1)
2016-06-20 22:41:04 [scrapy] DEBUG: Scraped from <200 http://app.mi.com/detail/1326>
{'appid': '1326',
 'appurl': 'http://app.mi.com/detail/1326',
 'category': u'\u6444\u5f71\u6444\u50cf',
 'cateid': '6',
 'developer': u'\u53a6\u95e8\u7f8e\u56fe\u4e4b\u5bb6\u79d1\u6280\u6709\u9650\u516c\u53f8',
 'developerrec': ['1057', '81532', '33695', '85051'],
 'rating': '10',
 'ratingct': '148389',
 'relatedrec': ['63447', '110320', '293149', '24269'],
 'title': u'\u7f8e\u56fe\u79c0\u79c0',
 'updatetm': '2016-06-16',
 'version': '5.1.0.0'}
2016-06-20 22:41:04 [scrapy] DEBUG: Scraped from <200 http://app.mi.com/detail/323>
{'appid': '323',
 'appurl': 'http://app.mi.com/detail/323',
 'category': u'\u804a\u5929\u793e\u4ea4',
 'cateid': '2',
 'developer': u'\u5c0f\u7c73\u79d1\u6280',
 'developerrec': ['1008', '99959', '1127', '32323'],
 'rating': '5',
 'ratingct': '3454',
 'relatedrec': ['68548', '121089', '153601', '200058'],
 'title': u'\u7c73\u804a',
 'updatetm': '2016-05-13',
 'version': '7.4.66'}
2016-06-20 22:41:04 [scrapy] DEBUG: Scraped from <200 http://app.mi.com/detail/10411>
{'appid': '10411',
 'appurl': 'http://app.mi.com/detail/10411',
 'category': u'\u65c5\u884c\u4ea4\u901a',
 'cateid': '3',
 'developer': u'\u5317\u4eac\u5c0f\u6854\u79d1\u6280\u6709\u9650\u516c\u53f8',
 'developerrec': ['4958', '34162', '79713', '81823'],
 'rating': '9',
 'ratingct': '7815',
 'relatedrec': ['8914', '103203', '146850'],
 'title': u'\u6ef4\u6ef4\u51fa\u884c',
 'updatetm': '2016-06-16',
 'version': '4.3.8'}
2016-06-20 22:41:04 [scrapy] DEBUG: Scraped from <200 http://app.mi.com/detail/9744>
{'appid': '9744',
 'appurl': 'http://app.mi.com/detail/9744',
 'category': u'\u5f71\u97f3\u89c6\u542c',
 'cateid': '27',
 'developer': u'\u6df1\u5733\u5e02\u8fc5\u96f7\u7f51\u7edc\u6280\u672f\u6709\u9650\u516c\u53f8',
 'developerrec': ['44238', '310', '56059', '1098'],
 'rating': '3',
 'ratingct': '10705',
 'relatedrec': ['414306', '329235', '89937', '115378'],
 'title': u'\u8fc5\u96f7',
 'updatetm': '2016-05-28',
 'version': '5.17.2.4000'}
2016-06-20 22:41:04 [scrapy] DEBUG: Scraped from <200 http://app.mi.com/detail/1338>
{'appid': '1338',
 'appurl': 'http://app.mi.com/detail/1338',
 'category': u'\u65c5\u884c\u4ea4\u901a',
 'cateid': '3',
 'developer': u'\u9ad8\u5fb7\u8f6f\u4ef6\u6709\u9650\u516c\u53f8',
 'developerrec': ['32323', '46455', '4959', '405'],
 'rating': '9',
 'ratingct': '24372',
 'relatedrec': ['92091', '114080', '93699', '46455'],
 'title': u'\u9ad8\u5fb7\u5730\u56fe',
 'updatetm': '2016-05-25',
 'version': '7.7.0.0.2036'}
2016-06-20 22:41:04 [scrapy] DEBUG: Scraped from <200 http://app.mi.com/detail/112112>
{'appid': '112112',
 'appurl': 'http://app.mi.com/detail/112112',
 'category': u'\u4f11\u95f2\u521b\u610f',
 'cateid': '23',
 'developer': u'\u4e16\u71a0\u7f51\u7edc\u79d1\u6280\uff08\u4e0a\u6d77\uff09\u6709\u9650\u516c\u53f8',
 'developerrec': ['84807', '77035', '63950', '40393'],
 'rating': '8',
 'ratingct': '4577',
 'relatedrec': [],
 'title': u'\u6355\u9c7c\u8fbe\u4eba\u5343\u70ae\u7248',
 'updatetm': '2016-06-15',
 'version': '2.67'}
2016-06-20 22:41:04 [scrapy] DEBUG: Scraped from <200 http://app.mi.com/detail/22704>
{'appid': '22704',
 'appurl': 'http://app.mi.com/detail/22704',
 'category': u'\u5c45\u5bb6\u751f\u6d3b',
 'cateid': '4',
 'developer': u'\u5317\u4eac\u4e94\u516b\u4fe1\u606f\u6280\u672f\u6709\u9650\u516c\u53f8',
 'developerrec': ['69736', '61175', '3726', '99959'],
 'rating': '9',
 'ratingct': '22611',
 'relatedrec': ['257650', '117457', '61175', '105478'],
 'title': u'58\u540c\u57ce',
 'updatetm': '2016-06-17',
 'version': '7.0.6.1'}
2016-06-20 22:41:04 [scrapy] DEBUG: Crawled (200) <GET http://app.mi.com/detail/405279> (referer: http://app.mi.com/topList?page=1)
2016-06-20 22:41:04 [scrapy] DEBUG: Crawled (200) <GET http://app.mi.com/detail/1294> (referer: http://app.mi.com/topList?page=1)
2016-06-20 22:41:04 [scrapy] DEBUG: Crawled (200) <GET http://app.mi.com/detail/195> (referer: http://app.mi.com/topList?page=1)
2016-06-20 22:41:04 [scrapy] DEBUG: Crawled (200) <GET http://app.mi.com/detail/1127> (referer: http://app.mi.com/topList?page=1)
2016-06-20 22:41:04 [scrapy] DEBUG: Crawled (200) <GET http://app.mi.com/detail/96928> (referer: http://app.mi.com/topList?page=1)
2016-06-20 22:41:04 [scrapy] DEBUG: Crawled (200) <GET http://app.mi.com/detail/97405> (referer: http://app.mi.com/topList?page=1)
2016-06-20 22:41:04 [scrapy] DEBUG: Crawled (200) <GET http://app.mi.com/detail/329> (referer: http://app.mi.com/topList?page=1)
2016-06-20 22:41:04 [scrapy] DEBUG: Scraped from <200 http://app.mi.com/detail/405279>
{'appid': '405279',
 'appurl': 'http://app.mi.com/detail/405279',
 'category': u'\u804a\u5929\u793e\u4ea4',
 'cateid': '2',
 'developer': u'\u817e\u8baf\u79d1\u6280\uff08\u6210\u90fd)\u6709\u9650\u516c\u53f8',
 'developerrec': ['143691', '419901', '96199', '71936'],
 'rating': '8',
 'ratingct': '78',
 'relatedrec': [],
 'title': u'\u738b\u8005\u8363\u8000\u52a9\u624b',
 'updatetm': '2016-06-06',
 'version': '1.0.1.603'}
2016-06-20 22:41:04 [scrapy] DEBUG: Crawled (200) <GET http://app.mi.com/detail/1363> (referer: http://app.mi.com/topList?page=1)
2016-06-20 22:41:04 [scrapy] DEBUG: Scraped from <200 http://app.mi.com/detail/1294>
{'appid': '1294',
 'appurl': 'http://app.mi.com/detail/1294',
 'category': u'\u5f71\u97f3\u89c6\u542c',
 'cateid': '27',
 'developer': u'\u4e50\u89c6\u7f51\u4fe1\u606f\u6280\u672f\uff08\u5317\u4eac\uff09\u80a1\u4efd\u6709\u9650\u516c\u53f8',
 'developerrec': ['50508', '2889', '3581', '125'],
 'rating': '7',
 'ratingct': '35130',
 'relatedrec': ['369096', '113128', '45617', '378877'],
 'title': u'\u4e50\u89c6\u89c6\u9891-\u7ffb\u8bd1\u5b98',
 'updatetm': '2016-05-19',
 'version': '6.6.1'}
2016-06-20 22:41:04 [scrapy] DEBUG: Scraped from <200 http://app.mi.com/detail/195>
{'appid': '195',
 'appurl': 'http://app.mi.com/detail/195',
 'category': u'\u91d1\u878d\u7406\u8d22',
 'cateid': '1',
 'developer': u'\u4e2d\u56fd\u5efa\u8bbe\u94f6\u884c\u80a1\u4efd\u6709\u9650\u516c\u53f8',
 'developerrec': [],
 'rating': '3',
 'ratingct': '2979',
 'relatedrec': ['10649', '10798', '79554', '14083'],
 'title': u'\u4e2d\u56fd\u5efa\u8bbe\u94f6\u884c',
 'updatetm': '2016-04-15',
 'version': '3.5.0'}
2016-06-20 22:41:04 [scrapy] DEBUG: Scraped from <200 http://app.mi.com/detail/1127>
{'appid': '1127',
 'appurl': 'http://app.mi.com/detail/1127',
 'category': u'\u804a\u5929\u793e\u4ea4',
 'cateid': '2',
 'developer': u'\u5fae\u68a6\u521b\u79d1\u7f51\u7edc\u6280\u672f\uff08\u4e2d\u56fd\uff09\u6709\u9650\u516c\u53f8',
 'developerrec': ['34507', '16938', '58458', '323'],
 'rating': '9',
 'ratingct': '343265',
 'relatedrec': ['379843', '283', '97015'],
 'title': u'\u5fae\u535a',
 'updatetm': '2016-06-17',
 'version': '6.6.1'}
2016-06-20 22:41:04 [scrapy] DEBUG: Scraped from <200 http://app.mi.com/detail/96928>
{'appid': '96928',
 'appurl': 'http://app.mi.com/detail/96928',
 'category': u'\u4f11\u95f2\u521b\u610f',
 'cateid': '23',
 'developer': u'superpop',
 'developerrec': [],
 'rating': '8',
 'ratingct': '9918',
 'relatedrec': ['23418', '99376', '72342', '89462'],
 'title': u'\u7403\u7403\u5927\u4f5c\u6218',
 'updatetm': '2016-04-22',
 'version': '4.0.2'}
2016-06-20 22:41:04 [scrapy] DEBUG: Scraped from <200 http://app.mi.com/detail/97405>
{'appid': '97405',
 'appurl': 'http://app.mi.com/detail/97405',
 'category': u'\u5a31\u4e50\u6d88\u9063',
 'cateid': '13',
 'developer': u'\u6e05\u67ab(\u5317\u4eac)\u79d1\u6280\u6709\u9650\u516c\u53f8',
 'developerrec': [],
 'rating': '6',
 'ratingct': '144',
 'relatedrec': ['15965', '71975', '51369', '44750'],
 'title': u'Max+',
 'updatetm': '2016-06-19',
 'version': '3.3.7'}
2016-06-20 22:41:04 [scrapy] DEBUG: Scraped from <200 http://app.mi.com/detail/329>
{'appid': '329',
 'appurl': 'http://app.mi.com/detail/329',
 'category': u'\u6444\u5f71\u6444\u50cf',
 'cateid': '6',
 'developer': u'\u5317\u4eac\u4e00\u7b11\u79d1\u6280\u53d1\u5c55\u6709\u9650\u516c\u53f8',
 'developerrec': [],
 'rating': '9',
 'ratingct': '322480',
 'relatedrec': ['2027', '91399', '26484', '63932'],
 'title': u'\u5feb\u624b',
 'updatetm': '2016-06-20',
 'version': '4.46.0.1580'}
2016-06-20 22:41:04 [scrapy] DEBUG: Scraped from <200 http://app.mi.com/detail/1363>
{'appid': '1363',
 'appurl': 'http://app.mi.com/detail/1363',
 'category': u'\u5b9e\u7528\u5de5\u5177',
 'cateid': '5',
 'developer': u'\u4f18\u89c6\u79d1\u6280\uff08\u4e2d\u56fd\uff09\u6709\u9650\u516c\u53f8',
 'developerrec': [],
 'rating': '7',
 'ratingct': '29873',
 'relatedrec': [],
 'title': u'UC\u6d4f\u89c8\u5668',
 'updatetm': '2016-06-15',
 'version': '10.10.3.810'}
2016-06-20 22:41:04 [scrapy] DEBUG: Crawled (200) <GET http://app.mi.com/detail/39086> (referer: http://app.mi.com/topList?page=1)
2016-06-20 22:41:04 [scrapy] DEBUG: Crawled (200) <GET http://app.mi.com/detail/109> (referer: http://app.mi.com/topList?page=1)
2016-06-20 22:41:04 [scrapy] DEBUG: Crawled (200) <GET http://app.mi.com/detail/332> (referer: http://app.mi.com/topList?page=1)
2016-06-20 22:41:04 [scrapy] DEBUG: Crawled (200) <GET http://app.mi.com/detail/98> (referer: http://app.mi.com/topList?page=1)
2016-06-20 22:41:04 [scrapy] DEBUG: Crawled (200) <GET http://app.mi.com/detail/1110> (referer: http://app.mi.com/topList?page=1)
2016-06-20 22:41:04 [scrapy] DEBUG: Crawled (200) <GET http://app.mi.com/detail/346> (referer: http://app.mi.com/topList?page=1)
2016-06-20 22:41:04 [scrapy] DEBUG: Crawled (200) <GET http://app.mi.com/detail/108048> (referer: http://app.mi.com/topList?page=1)
2016-06-20 22:41:04 [scrapy] DEBUG: Scraped from <200 http://app.mi.com/detail/39086>
{'appid': '39086',
 'appurl': 'http://app.mi.com/detail/39086',
 'category': u'\u5f71\u97f3\u89c6\u542c',
 'cateid': '27',
 'developer': u'\u6e56\u5357\u5feb\u4e50\u9633\u5149\u4e92\u52a8\u5a31\u4e50\u4f20\u5a92\u6709\u9650\u516c\u53f8',
 'developerrec': ['47269', '69754', '1132', '16590'],
 'rating': '4',
 'ratingct': '11022',
 'relatedrec': ['405228', '156423', '73276'],
 'title': u'\u8292\u679cTV',
 'updatetm': '2016-05-26',
 'version': '4.6.9'}
2016-06-20 22:41:04 [scrapy] DEBUG: Crawled (200) <GET http://app.mi.com/detail/71936> (referer: http://app.mi.com/topList?page=1)
2016-06-20 22:41:04 [scrapy] DEBUG: Scraped from <200 http://app.mi.com/detail/109>
{'appid': '109',
 'appurl': 'http://app.mi.com/detail/109',
 'category': u'\u5f71\u97f3\u89c6\u542c',
 'cateid': '27',
 'developer': u'\u5e7f\u5dde\u9177\u72d7\u8ba1\u7b97\u673a\u79d1\u6280\u6709\u9650\u516c\u53f8',
 'developerrec': ['31233', '11659', '31250', '1131'],
 'rating': '6',
 'ratingct': '75103',
 'relatedrec': ['45243', '50634', '44900', '31233'],
 'title': u'\u9177\u72d7\u97f3\u4e50',
 'updatetm': '2016-06-08',
 'version': '8.1.2'}
2016-06-20 22:41:04 [scrapy] DEBUG: Scraped from <200 http://app.mi.com/detail/332>
{'appid': '332',
 'appurl': 'http://app.mi.com/detail/332',
 'category': u'\u65f6\u5c1a\u8d2d\u7269',
 'cateid': '9',
 'developer': u'\u5317\u4eac\u4eac\u4e1c\u4e16\u7eaa\u8d38\u6613\u6709\u9650\u516c\u53f8',
 'developerrec': [],
 'rating': '5',
 'ratingct': '2677',
 'relatedrec': ['69662', '58628', '33976', '9531'],
 'title': u'\u4eac\u4e1c',
 'updatetm': '2016-05-17',
 'version': '5.1.0'}
2016-06-20 22:41:04 [scrapy] DEBUG: Scraped from <200 http://app.mi.com/detail/98>
{'appid': '98',
 'appurl': 'http://app.mi.com/detail/98',
 'category': u'\u65f6\u5c1a\u8d2d\u7269',
 'cateid': '9',
 'developer': u'\u5317\u4eac\u4e09\u5feb\u79d1\u6280\u6709\u9650\u516c\u53f8',
 'developerrec': ['55992', '56249', '1141', '1046'],
 'rating': '8',
 'ratingct': '9122',
 'relatedrec': ['103794', '9037', '55992', '103515'],
 'title': u'\u7f8e\u56e2',
 'updatetm': '2016-06-02',
 'version': '6.9.2'}
2016-06-20 22:41:04 [scrapy] DEBUG: Scraped from <200 http://app.mi.com/detail/1110>
{'appid': '1110',
 'appurl': 'http://app.mi.com/detail/1110',
 'category': u'\u91d1\u878d\u7406\u8d22',
 'cateid': '1',
 'developer': u'\u652f\u4ed8\u5b9d\uff08\u4e2d\u56fd\uff09\u7f51\u7edc\u79d1\u6280\u6709\u9650\u516c\u53f8',
 'developerrec': ['1984', '69660', '330724', '360'],
 'rating': '7',
 'ratingct': '37089',
 'relatedrec': [],
 'title': u'\u652f\u4ed8\u5b9d',
 'updatetm': '2016-06-02',
 'version': '9.6.8.053103'}
2016-06-20 22:41:04 [scrapy] DEBUG: Scraped from <200 http://app.mi.com/detail/346>
{'appid': '346',
 'appurl': 'http://app.mi.com/detail/346',
 'category': u'\u804a\u5929\u793e\u4ea4',
 'cateid': '2',
 'developer': u'\u5317\u4eac\u964c\u964c\u79d1\u6280\u6709\u9650\u516c\u53f8',
 'developerrec': ['129', '19174', '68656', '61518'],
 'rating': '7',
 'ratingct': '22688',
 'relatedrec': ['319980'],
 'title': u'\u964c\u964c',
 'updatetm': '2016-06-06',
 'version': '6.9.2'}
2016-06-20 22:41:04 [scrapy] DEBUG: Scraped from <200 http://app.mi.com/detail/108048>
{'appid': '108048',
 'appurl': 'http://app.mi.com/detail/108048',
 'category': u'\u7f51\u6e38RPG',
 'cateid': '19',
 'developer': u'\u6df1\u5733\u5e02\u817e\u8baf\u8ba1\u7b97\u673a\u7cfb\u7edf\u6709\u9650\u516c\u53f8',
 'developerrec': ['419901', '100053', '184154', '289530'],
 'rating': '7',
 'ratingct': '26674',
 'relatedrec': [],
 'title': u'\u738b\u8005\u8363\u8000',
 'updatetm': '2016-05-13',
 'version': '1.12.1.7'}
2016-06-20 22:41:04 [scrapy] DEBUG: Scraped from <200 http://app.mi.com/detail/71936>
{'appid': '71936',
 'appurl': 'http://app.mi.com/detail/71936',
 'category': u'\u5f71\u97f3\u89c6\u542c',
 'cateid': '27',
 'developer': u'\u817e\u8baf\u79d1\u6280\uff08\u6210\u90fd)\u6709\u9650\u516c\u53f8',
 'developerrec': ['72149', '84504', '54227', '26484'],
 'rating': '6',
 'ratingct': '4236',
 'relatedrec': ['143691', '419901', '96199', '57492'],
 'title': u'\u5168\u6c11K\u6b4c',
 'updatetm': '2016-06-13',
 'version': '3.5.8.278'}
2016-06-20 22:41:05 [scrapy] DEBUG: Crawled (200) <GET http://app.mi.com/detail/5314> (referer: http://app.mi.com/topList?page=1)
2016-06-20 22:41:05 [scrapy] DEBUG: Crawled (200) <GET http://app.mi.com/detail/1122> (referer: http://app.mi.com/topList?page=1)
2016-06-20 22:41:05 [scrapy] DEBUG: Crawled (200) <GET http://app.mi.com/detail/1359> (referer: http://app.mi.com/topList?page=1)
2016-06-20 22:41:05 [scrapy] DEBUG: Crawled (200) <GET http://app.mi.com/detail/1023> (referer: http://app.mi.com/topList?page=1)
2016-06-20 22:41:05 [scrapy] DEBUG: Crawled (200) <GET http://app.mi.com/detail/1131> (referer: http://app.mi.com/topList?page=1)
2016-06-20 22:41:05 [scrapy] DEBUG: Crawled (200) <GET http://app.mi.com/detail/125> (referer: http://app.mi.com/topList?page=1)
2016-06-20 22:41:05 [scrapy] DEBUG: Crawled (200) <GET http://app.mi.com/detail/83185> (referer: http://app.mi.com/topList?page=1)
2016-06-20 22:41:05 [scrapy] DEBUG: Scraped from <200 http://app.mi.com/detail/5314>
{'appid': '5314',
 'appurl': 'http://app.mi.com/detail/5314',
 'category': u'\u5b9e\u7528\u5de5\u5177',
 'cateid': '5',
 'developer': u'\u767e\u5ea6\u5728\u7ebf\u7f51\u7edc\u6280\u672f\uff08\u5317\u4eac\uff09\u6709\u9650\u516c\u53f8',
 'developerrec': ['82805', '57257', '5930', '57983'],
 'rating': '6',
 'ratingct': '12758',
 'relatedrec': ['374212', '9519', '321', '10025'],
 'title': u'\u767e\u5ea6\u4e91',
 'updatetm': '2016-06-07',
 'version': '7.13.0'}
2016-06-20 22:41:05 [scrapy] DEBUG: Scraped from <200 http://app.mi.com/detail/1122>
{'appid': '1122',
 'appurl': 'http://app.mi.com/detail/1122',
 'category': u'\u804a\u5929\u793e\u4ea4',
 'cateid': '2',
 'developer': u'\u817e\u8baf\u79d1\u6280\uff08\u6df1\u5733\uff09\u6709\u9650\u516c\u53f8\u5e7f\u5dde\u5206\u516c\u53f8',
 'developerrec': ['52029', '297', '1359', '82846'],
 'rating': '6',
 'ratingct': '122227',
 'relatedrec': ['336025', '109885', '20441'],
 'title': u'\u5fae\u4fe1',
 'updatetm': '2016-06-06',
 'version': '6.3.18'}
2016-06-20 22:41:05 [scrapy] DEBUG: Crawled (200) <GET http://app.mi.com/detail/1357> (referer: http://app.mi.com/topList?page=1)
2016-06-20 22:41:05 [scrapy] DEBUG: Scraped from <200 http://app.mi.com/detail/1359>
{'appid': '1359',
 'appurl': 'http://app.mi.com/detail/1359',
 'category': u'\u804a\u5929\u793e\u4ea4',
 'cateid': '2',
 'developer': u'\u6df1\u5733\u5e02\u817e\u8baf\u8ba1\u7b97\u673a\u7cfb\u7edf\u6709\u9650\u516c\u53f8',
 'developerrec': ['58458', '1109', '315', '7464'],
 'rating': '5',
 'ratingct': '133751',
 'relatedrec': ['419901', '100053', '184154', '289530'],
 'title': u'QQ',
 'updatetm': '2016-05-27',
 'version': '6.3.7'}
2016-06-20 22:41:05 [scrapy] DEBUG: Scraped from <200 http://app.mi.com/detail/1023>
{'appid': '1023',
 'appurl': 'http://app.mi.com/detail/1023',
 'category': u'\u65f6\u5c1a\u8d2d\u7269',
 'cateid': '9',
 'developer': u'\u6dd8\u5b9d\uff08\u4e2d\u56fd\uff09\u8f6f\u4ef6\u6709\u9650\u516c\u53f8',
 'developerrec': ['16116', '2086', '452', '307'],
 'rating': '10',
 'ratingct': '255689',
 'relatedrec': ['75339', '82846', '131893', '82013'],
 'title': u'\u624b\u673a\u6dd8\u5b9d',
 'updatetm': '2016-06-02',
 'version': '5.8.0'}
2016-06-20 22:41:05 [scrapy] DEBUG: Scraped from <200 http://app.mi.com/detail/1131>
{'appid': '1131',
 'appurl': 'http://app.mi.com/detail/1131',
 'category': u'\u5f71\u97f3\u89c6\u542c',
 'cateid': '27',
 'developer': u'\u817e\u8baf\u79d1\u6280\uff08\u6df1\u5733\uff09\u6709\u9650\u516c\u53f8',
 'developerrec': ['11659', '31250', '7', '301'],
 'rating': '5',
 'ratingct': '49284',
 'relatedrec': ['143691', '419901', '96199', '71936'],
 'title': u'QQ\u97f3\u4e50',
 'updatetm': '2016-06-07',
 'version': '6.1.1.10'}
2016-06-20 22:41:05 [scrapy] DEBUG: Scraped from <200 http://app.mi.com/detail/125>
{'appid': '125',
 'appurl': 'http://app.mi.com/detail/125',
 'category': u'\u5f71\u97f3\u89c6\u542c',
 'cateid': '27',
 'developer': u'\u5317\u4eac\u7231\u5947\u827a\u79d1\u6280\u6709\u9650\u516c\u53f8',
 'developerrec': ['118', '39086', '2095', '155'],
 'rating': '8',
 'ratingct': '54094',
 'relatedrec': ['396378', '118', '97530', '22909'],
 'title': u'\u7231\u5947\u827a-\u8dd1\u75374',
 'updatetm': '2016-06-02',
 'version': '7.5.1'}
2016-06-20 22:41:05 [scrapy] DEBUG: Scraped from <200 http://app.mi.com/detail/83185>
{'appid': '83185',
 'appurl': 'http://app.mi.com/detail/83185',
 'category': u'\u56fe\u4e66\u9605\u8bfb',
 'cateid': '7',
 'developer': u'\u5feb\u770b\u4e16\u754c\uff08\u5317\u4eac\uff09\u79d1\u6280\u6709\u9650\u516c\u53f8',
 'developerrec': [],
 'rating': '9',
 'ratingct': '79053',
 'relatedrec': ['83580', '3224', '58889', '73806'],
 'title': u'\u5feb\u770b\u6f2b\u753b',
 'updatetm': '2016-06-14',
 'version': '2.8.1'}
2016-06-20 22:41:05 [scrapy] DEBUG: Scraped from <200 http://app.mi.com/detail/1357>
{'appid': '1357',
 'appurl': 'http://app.mi.com/detail/1357',
 'category': u'\u5f71\u97f3\u89c6\u542c',
 'cateid': '27',
 'developer': u'\u6df1\u5733\u5e02\u817e\u8baf\u8ba1\u7b97\u673a\u7cfb\u7edf\u6709\u9650\u516c\u53f8\u5317\u4eac\u5206\u516c\u53f8',
 'developerrec': ['181', '2889', '3581', '897'],
 'rating': '5',
 'ratingct': '18229',
 'relatedrec': ['39312', '2241', '100053', '7012'],
 'title': u'\u817e\u8baf\u89c6\u9891',
 'updatetm': '2016-06-02',
 'version': '4.8.5.10223'}
2016-06-20 22:41:05 [scrapy] INFO: Closing spider (finished)
2016-06-20 22:41:05 [scrapy] INFO: Dumping Scrapy stats:
{'downloader/request_bytes': 15345,
 'downloader/request_count': 51,
 'downloader/request_method_count/GET': 51,
 'downloader/response_bytes': 322479,
 'downloader/response_count': 51,
 'downloader/response_status_count/200': 50,
 'downloader/response_status_count/404': 1,
 'finish_reason': 'finished',
 'finish_time': datetime.datetime(2016, 6, 21, 2, 41, 5, 287866),
 'item_scraped_count': 48,
 'log_count/DEBUG': 100,
 'log_count/INFO': 7,
 'log_count/WARNING': 1,
 'request_depth_max': 2,
 'response_received_count': 51,
 'scheduler/dequeued': 50,
 'scheduler/dequeued/memory': 50,
 'scheduler/enqueued': 50,
 'scheduler/enqueued/memory': 50,
 'start_time': datetime.datetime(2016, 6, 21, 2, 41, 0, 262182)}
2016-06-20 22:41:05 [scrapy] INFO: Spider closed (finished)
