2016-06-11 20:52:23 [scrapy] INFO: Scrapy 1.1.0 started (bot: xiaomi)
2016-06-11 20:52:23 [scrapy] INFO: Overridden settings: {'NEWSPIDER_MODULE': 'healthy.spiders', 'DUPEFILTER_CLASS': 'scrapy.dupefilters.BaseDupeFilter', 'SPIDER_MODULES': ['healthy.spiders'], 'BOT_NAME': 'xiaomi', 'LOGSTATS_INTERVAL': 0, 'LOG_FILE': 'scrapy.log', 'DOWNLOAD_DELAY': 1}
2016-06-11 20:52:24 [scrapy] INFO: Enabled extensions:
['scrapy.extensions.telnet.TelnetConsole',
 'scrapy.extensions.corestats.CoreStats']
2016-06-11 20:52:24 [scrapy] INFO: Enabled downloader middlewares:
['scrapy.downloadermiddlewares.httpauth.HttpAuthMiddleware',
 'scrapy.downloadermiddlewares.downloadtimeout.DownloadTimeoutMiddleware',
 'scrapy.downloadermiddlewares.useragent.UserAgentMiddleware',
 'scrapy.downloadermiddlewares.retry.RetryMiddleware',
 'scrapy.downloadermiddlewares.defaultheaders.DefaultHeadersMiddleware',
 'scrapy.downloadermiddlewares.redirect.MetaRefreshMiddleware',
 'scrapy.downloadermiddlewares.httpcompression.HttpCompressionMiddleware',
 'scrapy.downloadermiddlewares.redirect.RedirectMiddleware',
 'scrapy.downloadermiddlewares.cookies.CookiesMiddleware',
 'scrapy.downloadermiddlewares.chunked.ChunkedTransferMiddleware',
 'scrapy.downloadermiddlewares.stats.DownloaderStats']
2016-06-11 20:52:24 [scrapy] INFO: Enabled spider middlewares:
['scrapy.spidermiddlewares.httperror.HttpErrorMiddleware',
 'scrapy.spidermiddlewares.offsite.OffsiteMiddleware',
 'scrapy.spidermiddlewares.referer.RefererMiddleware',
 'scrapy.spidermiddlewares.urllength.UrlLengthMiddleware',
 'scrapy.spidermiddlewares.depth.DepthMiddleware']
2016-06-11 20:52:24 [py.warnings] WARNING: /Users/evah/GitHub/HealthyWebCrawler-T14/healthy/healthy/pipelines.py:5: ScrapyDeprecationWarning: Module `scrapy.log` has been deprecated, Scrapy now relies on the builtin Python library for logging. Read the updated logging entry in the documentation to learn more.
  from scrapy import log

2016-06-11 20:52:24 [scrapy] INFO: Enabled item pipelines:
['healthy.pipelines.HealthyPipeline']
2016-06-11 20:52:24 [scrapy] DEBUG: Telnet console listening on 127.0.0.1:6023
2016-06-11 20:52:24 [scrapy] INFO: Spider opened
2016-06-11 20:52:24 [scrapy] DEBUG: Crawled (200) <GET http://www.dmoz.org/Computers/Programming/Languages/Python/Books/> (referer: None)
2016-06-11 20:54:40 [py.warnings] WARNING: <string>:1: ScrapyDeprecationWarning: "sel" shortcut is deprecated. Use "response.xpath()", "response.css()" or "response.selector" instead

2016-06-11 20:55:19 [scrapy] INFO: Scrapy 1.1.0 started (bot: xiaomi)
2016-06-11 20:55:19 [scrapy] INFO: Overridden settings: {'NEWSPIDER_MODULE': 'healthy.spiders', 'DUPEFILTER_CLASS': 'scrapy.dupefilters.BaseDupeFilter', 'SPIDER_MODULES': ['healthy.spiders'], 'BOT_NAME': 'xiaomi', 'LOGSTATS_INTERVAL': 0, 'LOG_FILE': 'scrapy.log', 'DOWNLOAD_DELAY': 1}
2016-06-11 20:55:19 [scrapy] INFO: Enabled extensions:
['scrapy.extensions.telnet.TelnetConsole',
 'scrapy.extensions.corestats.CoreStats']
2016-06-11 20:55:19 [scrapy] INFO: Enabled downloader middlewares:
['scrapy.downloadermiddlewares.httpauth.HttpAuthMiddleware',
 'scrapy.downloadermiddlewares.downloadtimeout.DownloadTimeoutMiddleware',
 'scrapy.downloadermiddlewares.useragent.UserAgentMiddleware',
 'scrapy.downloadermiddlewares.retry.RetryMiddleware',
 'scrapy.downloadermiddlewares.defaultheaders.DefaultHeadersMiddleware',
 'scrapy.downloadermiddlewares.redirect.MetaRefreshMiddleware',
 'scrapy.downloadermiddlewares.httpcompression.HttpCompressionMiddleware',
 'scrapy.downloadermiddlewares.redirect.RedirectMiddleware',
 'scrapy.downloadermiddlewares.cookies.CookiesMiddleware',
 'scrapy.downloadermiddlewares.chunked.ChunkedTransferMiddleware',
 'scrapy.downloadermiddlewares.stats.DownloaderStats']
2016-06-11 20:55:19 [scrapy] INFO: Enabled spider middlewares:
['scrapy.spidermiddlewares.httperror.HttpErrorMiddleware',
 'scrapy.spidermiddlewares.offsite.OffsiteMiddleware',
 'scrapy.spidermiddlewares.referer.RefererMiddleware',
 'scrapy.spidermiddlewares.urllength.UrlLengthMiddleware',
 'scrapy.spidermiddlewares.depth.DepthMiddleware']
2016-06-11 20:55:20 [py.warnings] WARNING: /Users/evah/GitHub/HealthyWebCrawler-T14/healthy/healthy/pipelines.py:5: ScrapyDeprecationWarning: Module `scrapy.log` has been deprecated, Scrapy now relies on the builtin Python library for logging. Read the updated logging entry in the documentation to learn more.
  from scrapy import log

2016-06-11 20:55:20 [scrapy] INFO: Enabled item pipelines:
['healthy.pipelines.HealthyPipeline']
2016-06-11 20:55:20 [scrapy] DEBUG: Telnet console listening on 127.0.0.1:6023
2016-06-11 20:55:20 [scrapy] INFO: Spider opened
2016-06-11 20:55:20 [scrapy] DEBUG: Crawled (200) <GET http://app.mi.com/topList> (referer: None)
2016-06-11 20:57:04 [scrapy] INFO: Scrapy 1.1.0 started (bot: xiaomi)
2016-06-11 20:57:04 [scrapy] INFO: Overridden settings: {'NEWSPIDER_MODULE': 'healthy.spiders', 'DUPEFILTER_CLASS': 'scrapy.dupefilters.BaseDupeFilter', 'SPIDER_MODULES': ['healthy.spiders'], 'BOT_NAME': 'xiaomi', 'LOGSTATS_INTERVAL': 0, 'LOG_FILE': 'scrapy.log', 'DOWNLOAD_DELAY': 1}
2016-06-11 20:57:04 [scrapy] INFO: Enabled extensions:
['scrapy.extensions.telnet.TelnetConsole',
 'scrapy.extensions.corestats.CoreStats']
2016-06-11 20:57:04 [scrapy] INFO: Enabled downloader middlewares:
['scrapy.downloadermiddlewares.httpauth.HttpAuthMiddleware',
 'scrapy.downloadermiddlewares.downloadtimeout.DownloadTimeoutMiddleware',
 'scrapy.downloadermiddlewares.useragent.UserAgentMiddleware',
 'scrapy.downloadermiddlewares.retry.RetryMiddleware',
 'scrapy.downloadermiddlewares.defaultheaders.DefaultHeadersMiddleware',
 'scrapy.downloadermiddlewares.redirect.MetaRefreshMiddleware',
 'scrapy.downloadermiddlewares.httpcompression.HttpCompressionMiddleware',
 'scrapy.downloadermiddlewares.redirect.RedirectMiddleware',
 'scrapy.downloadermiddlewares.cookies.CookiesMiddleware',
 'scrapy.downloadermiddlewares.chunked.ChunkedTransferMiddleware',
 'scrapy.downloadermiddlewares.stats.DownloaderStats']
2016-06-11 20:57:04 [scrapy] INFO: Enabled spider middlewares:
['scrapy.spidermiddlewares.httperror.HttpErrorMiddleware',
 'scrapy.spidermiddlewares.offsite.OffsiteMiddleware',
 'scrapy.spidermiddlewares.referer.RefererMiddleware',
 'scrapy.spidermiddlewares.urllength.UrlLengthMiddleware',
 'scrapy.spidermiddlewares.depth.DepthMiddleware']
2016-06-11 20:57:04 [py.warnings] WARNING: /Users/evah/GitHub/HealthyWebCrawler-T14/healthy/healthy/pipelines.py:5: ScrapyDeprecationWarning: Module `scrapy.log` has been deprecated, Scrapy now relies on the builtin Python library for logging. Read the updated logging entry in the documentation to learn more.
  from scrapy import log

2016-06-11 20:57:04 [scrapy] INFO: Enabled item pipelines:
['healthy.pipelines.HealthyPipeline']
2016-06-11 20:57:04 [scrapy] DEBUG: Telnet console listening on 127.0.0.1:6023
2016-06-11 20:57:04 [scrapy] INFO: Spider opened
2016-06-11 20:57:05 [scrapy] DEBUG: Crawled (200) <GET https://itunes.apple.com/us/genre/movies/id33> (referer: None)
